#
# There is insufficient memory for the Java Runtime Environment to continue.
# Native memory allocation (malloc) failed to allocate 32744 bytes for ChunkPool::allocate
# Possible reasons:
#   The system is out of physical RAM or swap space
#   The process is running with CompressedOops enabled, and the Java Heap may be blocking the growth of the native heap
# Possible solutions:
#   Reduce memory load on the system
#   Increase physical memory or swap space
#   Check if swap backing store is full
#   Decrease Java heap size (-Xmx/-Xms)
#   Decrease number of Java threads
#   Decrease Java thread stack sizes (-Xss)
#   Set larger code cache with -XX:ReservedCodeCacheSize=
#   JVM is running with Unscaled Compressed Oops mode in which the Java heap is
#     placed in the first 4GB address space. The Java Heap base address is the
#     maximum limit for the native heap growth. Please use -XX:HeapBaseMinAddress
#     to set the Java Heap base and to place the Java Heap above 4GB virtual address.
# This output file may be truncated or incomplete.
#
#  Out of Memory Error (arena.cpp:79), pid=2388, tid=10864
#
# JRE version: OpenJDK Runtime Environment (17.0.10) (build 17.0.10+0--11609105)
# Java VM: OpenJDK 64-Bit Server VM (17.0.10+0--11609105, mixed mode, tiered, compressed oops, compressed class ptrs, g1 gc, windows-amd64)
# No core dump will be written. Minidumps are not enabled by default on client versions of Windows
#

---------------  S U M M A R Y ------------

Command Line: org.jetbrains.kotlin.cli.jvm.K2JVMCompiler @D:\projects\internship\CognoRise-InfoTech\Task1-Calculator\app\build\20240817_13235206257652871720.compiler.options

Host: Intel(R) Core(TM) i7-4600U CPU @ 2.10GHz, 4 cores, 7G,  Windows 10 , 64 bit Build 19041 (10.0.19041.4717)
Time: Sat Aug 17 17:46:16 2024 Egypt Daylight Time elapsed time: 15.022241 seconds (0d 0h 0m 15s)

---------------  T H R E A D  ---------------

Current thread (0x0000020f1fb5f950):  JavaThread "main" [_thread_in_vm, id=10864, stack(0x000000b8a5800000,0x000000b8a5900000)]

Stack: [0x000000b8a5800000,0x000000b8a5900000]
Native frames: (J=compiled Java code, j=interpreted, Vv=VM code, C=native code)
V  [jvm.dll+0x688de9]
V  [jvm.dll+0x8423da]
V  [jvm.dll+0x84401e]
V  [jvm.dll+0x844683]
V  [jvm.dll+0x24be0f]
V  [jvm.dll+0xac721]
V  [jvm.dll+0xacb6c]
V  [jvm.dll+0x1ee1fd]
V  [jvm.dll+0x1eefe5]
V  [jvm.dll+0x1ef985]
V  [jvm.dll+0x1e4e1c]
V  [jvm.dll+0x54dd1c]
V  [jvm.dll+0x1f59bb]
V  [jvm.dll+0x7bab7b]
V  [jvm.dll+0x7bbfec]
V  [jvm.dll+0x7bc338]
V  [jvm.dll+0x24386e]
V  [jvm.dll+0x387e8e]
C  0x0000020f2bd6b5a5

The last pc belongs to new (printed below).
Java frames: (J=compiled Java code, j=interpreted, Vv=VM code)
j  java.io.FileOutputStream.close()V+57 java.base@17.0.10
j  org.jetbrains.kotlin.com.intellij.openapi.util.io.FileUtil.writeToFile(Ljava/io/File;[BIIZ)V+47
j  org.jetbrains.kotlin.com.intellij.openapi.util.io.FileUtil.writeToFile(Ljava/io/File;[BZ)V+26
j  org.jetbrains.kotlin.com.intellij.openapi.util.io.FileUtil.writeToFile(Ljava/io/File;[B)V+23
j  org.jetbrains.kotlin.cli.common.output.OutputUtilsKt.writeAll(Lorg/jetbrains/kotlin/backend/common/output/OutputFileCollection;Ljava/io/File;Lkotlin/jvm/functions/Function2;)V+101
j  org.jetbrains.kotlin.cli.common.output.OutputUtilsKt.writeAllTo(Lorg/jetbrains/kotlin/backend/common/output/OutputFileCollection;Ljava/io/File;)V+15
j  org.jetbrains.kotlin.cli.common.output.OutputUtilsKt.writeAll(Lorg/jetbrains/kotlin/backend/common/output/OutputFileCollection;Ljava/io/File;Lorg/jetbrains/kotlin/cli/common/messages/MessageCollector;Z)V+25
j  org.jetbrains.kotlin.cli.jvm.compiler.CliCompilerUtilsKt.writeOutput(Lorg/jetbrains/kotlin/config/CompilerConfiguration;Lorg/jetbrains/kotlin/backend/common/output/OutputFileCollection;Lorg/jetbrains/kotlin/name/FqName;)V+386
j  org.jetbrains.kotlin.cli.jvm.compiler.CliCompilerUtilsKt$createOutputFilesFlushingCallbackIfPossible$1.invoke(Lorg/jetbrains/kotlin/codegen/state/GenerationState;)V+36
j  org.jetbrains.kotlin.cli.jvm.compiler.CliCompilerUtilsKt$createOutputFilesFlushingCallbackIfPossible$1.invoke(Ljava/lang/Object;)Ljava/lang/Object;+5
j  org.jetbrains.kotlin.codegen.state.GenerationStateKt$GenerationStateEventCallback$1.invoke(Lorg/jetbrains/kotlin/codegen/state/GenerationState;)V+11
j  org.jetbrains.kotlin.codegen.state.GenerationStateKt$GenerationStateEventCallback$1.invoke(Ljava/lang/Object;)Ljava/lang/Object;+5
j  org.jetbrains.kotlin.codegen.state.GenerationState.afterIndependentPart()V+5
j  org.jetbrains.kotlin.backend.jvm.JvmIrCodegenFactory.invokeCodegen(Lorg/jetbrains/kotlin/codegen/CodegenFactory$CodegenInput;)V+105
j  org.jetbrains.kotlin.cli.jvm.compiler.KotlinToJVMBytecodeCompiler.runCodegen(Lorg/jetbrains/kotlin/codegen/CodegenFactory$CodegenInput;Lorg/jetbrains/kotlin/codegen/state/GenerationState;Lorg/jetbrains/kotlin/codegen/CodegenFactory;Lorg/jetbrains/kotlin/resolve/BindingContext;Lorg/jetbrains/kotlin/diagnostics/impl/BaseDiagnosticsCollector;Lorg/jetbrains/kotlin/config/CompilerConfiguration;)Lorg/jetbrains/kotlin/codegen/state/GenerationState;+31
j  org.jetbrains.kotlin.cli.jvm.compiler.KotlinToJVMBytecodeCompiler.compileModules$cli(Lorg/jetbrains/kotlin/cli/jvm/compiler/KotlinCoreEnvironment;Ljava/io/File;Ljava/util/List;Z)Z+776
j  org.jetbrains.kotlin.cli.jvm.compiler.KotlinToJVMBytecodeCompiler.compileModules$cli$default(Lorg/jetbrains/kotlin/cli/jvm/compiler/KotlinToJVMBytecodeCompiler;Lorg/jetbrains/kotlin/cli/jvm/compiler/KotlinCoreEnvironment;Ljava/io/File;Ljava/util/List;ZILjava/lang/Object;)Z+17
j  org.jetbrains.kotlin.cli.jvm.K2JVMCompiler.doExecute(Lorg/jetbrains/kotlin/cli/common/arguments/K2JVMCompilerArguments;Lorg/jetbrains/kotlin/config/CompilerConfiguration;Lorg/jetbrains/kotlin/com/intellij/openapi/Disposable;Lorg/jetbrains/kotlin/utils/KotlinPaths;)Lorg/jetbrains/kotlin/cli/common/ExitCode;+1069
j  org.jetbrains.kotlin.cli.jvm.K2JVMCompiler.doExecute(Lorg/jetbrains/kotlin/cli/common/arguments/CommonCompilerArguments;Lorg/jetbrains/kotlin/config/CompilerConfiguration;Lorg/jetbrains/kotlin/com/intellij/openapi/Disposable;Lorg/jetbrains/kotlin/utils/KotlinPaths;)Lorg/jetbrains/kotlin/cli/common/ExitCode;+9
j  org.jetbrains.kotlin.cli.common.CLICompiler.execImpl(Lorg/jetbrains/kotlin/cli/common/messages/MessageCollector;Lorg/jetbrains/kotlin/config/Services;Lorg/jetbrains/kotlin/cli/common/arguments/CommonCompilerArguments;)Lorg/jetbrains/kotlin/cli/common/ExitCode;+219
j  org.jetbrains.kotlin.cli.common.CLICompiler.execImpl(Lorg/jetbrains/kotlin/cli/common/messages/MessageCollector;Lorg/jetbrains/kotlin/config/Services;Lorg/jetbrains/kotlin/cli/common/arguments/CommonToolArguments;)Lorg/jetbrains/kotlin/cli/common/ExitCode;+7
j  org.jetbrains.kotlin.cli.common.CLITool.exec(Lorg/jetbrains/kotlin/cli/common/messages/MessageCollector;Lorg/jetbrains/kotlin/config/Services;Lorg/jetbrains/kotlin/cli/common/arguments/CommonToolArguments;)Lorg/jetbrains/kotlin/cli/common/ExitCode;+76
j  org.jetbrains.kotlin.cli.common.CLITool.exec(Ljava/io/PrintStream;Lorg/jetbrains/kotlin/config/Services;Lorg/jetbrains/kotlin/cli/common/messages/MessageRenderer;[Ljava/lang/String;)Lorg/jetbrains/kotlin/cli/common/ExitCode;+239
j  org.jetbrains.kotlin.cli.common.CLITool.exec(Ljava/io/PrintStream;Lorg/jetbrains/kotlin/cli/common/messages/MessageRenderer;[Ljava/lang/String;)Lorg/jetbrains/kotlin/cli/common/ExitCode;+25
j  org.jetbrains.kotlin.cli.common.CLITool$Companion.doMainNoExit(Lorg/jetbrains/kotlin/cli/common/CLITool;[Ljava/lang/String;Lorg/jetbrains/kotlin/cli/common/messages/MessageRenderer;)Lorg/jetbrains/kotlin/cli/common/ExitCode;+39
j  org.jetbrains.kotlin.cli.common.CLITool$Companion.doMainNoExit$default(Lorg/jetbrains/kotlin/cli/common/CLITool$Companion;Lorg/jetbrains/kotlin/cli/common/CLITool;[Ljava/lang/String;Lorg/jetbrains/kotlin/cli/common/messages/MessageRenderer;ILjava/lang/Object;)Lorg/jetbrains/kotlin/cli/common/ExitCode;+16
j  org.jetbrains.kotlin.cli.common.CLITool$Companion.doMain(Lorg/jetbrains/kotlin/cli/common/CLITool;[Ljava/lang/String;)V+57
j  org.jetbrains.kotlin.cli.jvm.K2JVMCompiler$Companion.main([Ljava/lang/String;)V+20
j  org.jetbrains.kotlin.cli.jvm.K2JVMCompiler.main([Ljava/lang/String;)V+4
v  ~StubRoutines::call_stub
new  187 new  [0x0000020f2bd6b420, 0x0000020f2bd6b640]  544 bytes
[MachCode]
  0x0000020f2bd6b420: 4883 ec08 | c5fa 1104 | 24eb 1f48 | 83ec 10c5 | fb11 0424 | eb14 4883 | ec10 4889 | 0424 48c7 
  0x0000020f2bd6b440: 4424 0800 | 0000 00eb | 0150 410f | b755 010f | cac1 ea10 | 488b 4de8 | 488b 4908 | 488b 4908 
  0x0000020f2bd6b460: 488b 4108 | 807c 1004 | 070f 85d6 | 0000 0066 | 8b54 d148 | 488b 4928 | 488b 4cd1 | 0851 80b9 
  0x0000020f2bd6b480: 5b01 0000 | 040f 85b9 | 0000 008b | 5108 f7c2 | 0100 0000 | 0f85 aa00 | 0000 498b | 8708 0100 
  0x0000020f2bd6b4a0: 0048 8d1c | 1049 3b9f | 1801 0000 | 0f87 9200 | 0000 4989 | 9f08 0100 | 00e9 0000 | 0000 4883 
  0x0000020f2bd6b4c0: ea10 0f84 | 0f00 0000 | 33c9 c1ea | 0348 894c | d008 48ff | ca75 f648 | c700 0100 | 0000 5933 
  0x0000020f2bd6b4e0: f689 700c | 48c1 e903 | 8948 0849 | ba89 39bd | 4dfd 7f00 | 0041 803a | 000f 8440 | 0000 0050 
  0x0000020f2bd6b500: 488b c848 | 83ec 20f7 | c40f 0000 | 000f 841a | 0000 0048 | 83ec 0849 | ba30 f372 | 4dfd 7f00 
  0x0000020f2bd6b520: 0041 ffd2 | 4883 c408 | e90d 0000 | 0049 ba30 | f372 4dfd | 7f00 0041 | ffd2 4883 | c420 58e9 
  0x0000020f2bd6b540: cd00 0000 | 5948 8b55 | e848 8b52 | 0848 8b52 | 0845 0fb7 | 4501 410f | c841 c1e8 | 10e8 0500 
  0x0000020f2bd6b560: 0000 e9aa | 0000 0048 | 8d44 2408 | 4c89 6dc0 | 498b cfc5 | f877 4989 | afa8 0200 | 0049 8987 
  0x0000020f2bd6b580: 9802 0000 | 4883 ec20 | f7c4 0f00 | 0000 0f84 | 1a00 0000 | 4883 ec08 | 49ba 407e | 3c4d fd7f 
  0x0000020f2bd6b5a0: 0000 41ff | d248 83c4 | 08e9 0d00 | 0000 49ba | 407e 3c4d | fd7f 0000 | 41ff d248 | 83c4 2049 
  0x0000020f2bd6b5c0: c787 9802 | 0000 0000 | 0000 49c7 | 87a8 0200 | 0000 0000 | 0049 c787 | a002 0000 | 0000 0000 
  0x0000020f2bd6b5e0: c5f8 7749 | 817f 0800 | 0000 000f | 8405 0000 | 00e9 0a59 | feff 498b | 87f0 0200 | 0049 c787 
  0x0000020f2bd6b600: f002 0000 | 0000 0000 | 4c8b 6dc0 | 4c8b 75c8 | c341 0fb6 | 5d03 4983 | c503 49ba | 80a6 bf4d 
  0x0000020f2bd6b620: fd7f 0000 | 41ff 24da | 0000 0000 | 0000 0000 | 0000 0000 | 0000 0000 | 0000 0000 | 0000 0000 
[/MachCode]

---------------  P R O C E S S  ---------------

Threads class SMR info:
_java_thread_list=0x0000020f42f47a30, length=13, elements={
0x0000020f1fb5f950, 0x0000020f3affce90, 0x0000020f3affdb20, 0x0000020f3b1a2b60,
0x0000020f3b1a5540, 0x0000020f3b1a5e10, 0x0000020f3b1a66e0, 0x0000020f3b1c4350,
0x0000020f3b1c4c60, 0x0000020f3b03cf70, 0x0000020f3b31d7d0, 0x0000020f3b320370,
0x0000020f42205030
}

Java Threads: ( => current thread )
=>0x0000020f1fb5f950 JavaThread "main" [_thread_in_vm, id=10864, stack(0x000000b8a5800000,0x000000b8a5900000)]
  0x0000020f3affce90 JavaThread "Reference Handler" daemon [_thread_blocked, id=13420, stack(0x000000b8a5f00000,0x000000b8a6000000)]
  0x0000020f3affdb20 JavaThread "Finalizer" daemon [_thread_blocked, id=1648, stack(0x000000b8a6000000,0x000000b8a6100000)]
  0x0000020f3b1a2b60 JavaThread "Signal Dispatcher" daemon [_thread_blocked, id=5448, stack(0x000000b8a6100000,0x000000b8a6200000)]
  0x0000020f3b1a5540 JavaThread "Attach Listener" daemon [_thread_blocked, id=17772, stack(0x000000b8a6200000,0x000000b8a6300000)]
  0x0000020f3b1a5e10 JavaThread "Service Thread" daemon [_thread_blocked, id=18536, stack(0x000000b8a6300000,0x000000b8a6400000)]
  0x0000020f3b1a66e0 JavaThread "Monitor Deflation Thread" daemon [_thread_blocked, id=11608, stack(0x000000b8a6400000,0x000000b8a6500000)]
  0x0000020f3b1c4350 JavaThread "C2 CompilerThread0" daemon [_thread_in_native, id=15272, stack(0x000000b8a6500000,0x000000b8a6600000)]
  0x0000020f3b1c4c60 JavaThread "C1 CompilerThread0" daemon [_thread_blocked, id=2472, stack(0x000000b8a6600000,0x000000b8a6700000)]
  0x0000020f3b03cf70 JavaThread "Sweeper thread" daemon [_thread_blocked, id=19108, stack(0x000000b8a6700000,0x000000b8a6800000)]
  0x0000020f3b31d7d0 JavaThread "Notification Thread" daemon [_thread_blocked, id=13716, stack(0x000000b8a6800000,0x000000b8a6900000)]
  0x0000020f3b320370 JavaThread "Common-Cleaner" daemon [_thread_blocked, id=3552, stack(0x000000b8a6a00000,0x000000b8a6b00000)]
  0x0000020f42205030 JavaThread "C2 CompilerThread1" daemon [_thread_blocked, id=15468, stack(0x000000b8a6e00000,0x000000b8a6f00000)]

Other Threads:
  0x0000020f3b021630 VMThread "VM Thread" [stack: 0x000000b8a5e00000,0x000000b8a5f00000] [id=2448]
  0x0000020f3b31dcb0 WatcherThread [stack: 0x000000b8a6900000,0x000000b8a6a00000] [id=18716]
  0x0000020f1fbb81b0 GCTaskThread "GC Thread#0" [stack: 0x000000b8a5900000,0x000000b8a5a00000] [id=18108]
  0x0000020f3b80d040 GCTaskThread "GC Thread#1" [stack: 0x000000b8a6b00000,0x000000b8a6c00000] [id=1452]
  0x0000020f3b80d300 GCTaskThread "GC Thread#2" [stack: 0x000000b8a6c00000,0x000000b8a6d00000] [id=16024]
  0x0000020f3b84a750 GCTaskThread "GC Thread#3" [stack: 0x000000b8a6d00000,0x000000b8a6e00000] [id=18960]
  0x0000020f1fbc9d60 ConcurrentGCThread "G1 Main Marker" [stack: 0x000000b8a5a00000,0x000000b8a5b00000] [id=9060]
  0x0000020f1fbcae30 ConcurrentGCThread "G1 Conc#0" [stack: 0x000000b8a5b00000,0x000000b8a5c00000] [id=9492]
  0x0000020f1fc168a0 ConcurrentGCThread "G1 Refine#0" [stack: 0x000000b8a5c00000,0x000000b8a5d00000] [id=512]
  0x0000020f3b9efe00 ConcurrentGCThread "G1 Refine#1" [stack: 0x000000b8a6f00000,0x000000b8a7000000] [id=17440]
  0x0000020f40dd6f20 ConcurrentGCThread "G1 Refine#2" [stack: 0x000000b8a7000000,0x000000b8a7100000] [id=6256]
  0x0000020f3ae72320 ConcurrentGCThread "G1 Service" [stack: 0x000000b8a5d00000,0x000000b8a5e00000] [id=19240]

Threads with active compile tasks:
C2 CompilerThread0    15059 10491       4       org.jetbrains.kotlin.types.AbstractTypeMapper::mapType (568 bytes)

VM state: not at safepoint (normal execution)

VM Mutex/Monitor currently owned by a thread: None

Heap address: 0x0000000081600000, size: 2026 MB, Compressed Oops mode: 32-bit

CDS archive(s) not mapped
Compressed class space mapped at: 0x0000000100000000-0x0000000140000000, reserved size: 1073741824
Narrow klass base: 0x0000000000000000, Narrow klass shift: 3, Narrow klass range: 0x140000000

GC Precious Log:
 CPUs: 4 total, 4 available
 Memory: 8097M
 Large Page Support: Disabled
 NUMA Support: Disabled
 Compressed Oops: Enabled (32-bit)
 Heap Region Size: 1M
 Heap Min Capacity: 8M
 Heap Initial Capacity: 128M
 Heap Max Capacity: 2026M
 Pre-touch: Disabled
 Parallel Workers: 4
 Concurrent Workers: 1
 Concurrent Refinement Workers: 4
 Periodic GC: Disabled

Heap:
 garbage-first heap   total 231424K, used 107259K [0x0000000081600000, 0x0000000100000000)
  region size 1024K, 47 young (48128K), 1 survivors (1024K)
 Metaspace       used 80771K, committed 81152K, reserved 1179648K
  class space    used 9074K, committed 9280K, reserved 1048576K

Heap Regions: E=young(eden), S=young(survivor), O=old, HS=humongous(starts), HC=humongous(continues), CS=collection set, F=free, OA=open archive, CA=closed archive, TAMS=top-at-mark-start (previous, next)
|   0|0x0000000081600000, 0x0000000081700000, 0x0000000081700000|100%|HS|  |TAMS 0x0000000081700000, 0x0000000081600000| Complete 
|   1|0x0000000081700000, 0x0000000081800000, 0x0000000081800000|100%|HC|  |TAMS 0x0000000081800000, 0x0000000081700000| Complete 
|   2|0x0000000081800000, 0x0000000081900000, 0x0000000081900000|100%|HC|  |TAMS 0x0000000081900000, 0x0000000081800000| Complete 
|   3|0x0000000081900000, 0x0000000081a00000, 0x0000000081a00000|100%|HC|  |TAMS 0x0000000081a00000, 0x0000000081900000| Complete 
|   4|0x0000000081a00000, 0x0000000081b00000, 0x0000000081b00000|100%| O|  |TAMS 0x0000000081b00000, 0x0000000081a00000| Untracked 
|   5|0x0000000081b00000, 0x0000000081c00000, 0x0000000081c00000|100%| O|  |TAMS 0x0000000081c00000, 0x0000000081b00000| Untracked 
|   6|0x0000000081c00000, 0x0000000081d00000, 0x0000000081d00000|100%| O|  |TAMS 0x0000000081d00000, 0x0000000081c00000| Untracked 
|   7|0x0000000081d00000, 0x0000000081e00000, 0x0000000081e00000|100%| O|  |TAMS 0x0000000081e00000, 0x0000000081d00000| Untracked 
|   8|0x0000000081e00000, 0x0000000081f00000, 0x0000000081f00000|100%| O|  |TAMS 0x0000000081f00000, 0x0000000081e00000| Untracked 
|   9|0x0000000081f00000, 0x0000000081f00000, 0x0000000082000000|  0%| F|  |TAMS 0x0000000081f00000, 0x0000000081f00000| Untracked 
|  10|0x0000000082000000, 0x0000000082100000, 0x0000000082100000|100%| O|  |TAMS 0x0000000082100000, 0x0000000082000000| Untracked 
|  11|0x0000000082100000, 0x0000000082200000, 0x0000000082200000|100%| O|  |TAMS 0x0000000082200000, 0x0000000082100000| Untracked 
|  12|0x0000000082200000, 0x0000000082300000, 0x0000000082300000|100%| O|  |TAMS 0x0000000082300000, 0x0000000082200000| Untracked 
|  13|0x0000000082300000, 0x0000000082400000, 0x0000000082400000|100%| O|  |TAMS 0x0000000082400000, 0x0000000082300000| Untracked 
|  14|0x0000000082400000, 0x0000000082500000, 0x0000000082500000|100%| O|  |TAMS 0x0000000082500000, 0x0000000082400000| Untracked 
|  15|0x0000000082500000, 0x0000000082600000, 0x0000000082600000|100%| O|  |TAMS 0x0000000082600000, 0x0000000082500000| Untracked 
|  16|0x0000000082600000, 0x0000000082700000, 0x0000000082700000|100%| O|  |TAMS 0x0000000082700000, 0x0000000082600000| Untracked 
|  17|0x0000000082700000, 0x0000000082800000, 0x0000000082800000|100%| O|  |TAMS 0x0000000082800000, 0x0000000082700000| Untracked 
|  18|0x0000000082800000, 0x0000000082900000, 0x0000000082900000|100%| O|  |TAMS 0x0000000082900000, 0x0000000082800000| Untracked 
|  19|0x0000000082900000, 0x0000000082a00000, 0x0000000082a00000|100%| O|  |TAMS 0x0000000082a00000, 0x0000000082900000| Untracked 
|  20|0x0000000082a00000, 0x0000000082b00000, 0x0000000082b00000|100%| O|  |TAMS 0x0000000082b00000, 0x0000000082a00000| Untracked 
|  21|0x0000000082b00000, 0x0000000082c00000, 0x0000000082c00000|100%| O|  |TAMS 0x0000000082c00000, 0x0000000082b00000| Untracked 
|  22|0x0000000082c00000, 0x0000000082d00000, 0x0000000082d00000|100%|HS|  |TAMS 0x0000000082d00000, 0x0000000082c00000| Complete 
|  23|0x0000000082d00000, 0x0000000082e00000, 0x0000000082e00000|100%|HC|  |TAMS 0x0000000082e00000, 0x0000000082d00000| Complete 
|  24|0x0000000082e00000, 0x0000000082f00000, 0x0000000082f00000|100%| O|  |TAMS 0x0000000082f00000, 0x0000000082e00000| Untracked 
|  25|0x0000000082f00000, 0x0000000083000000, 0x0000000083000000|100%| O|  |TAMS 0x0000000083000000, 0x0000000082f00000| Untracked 
|  26|0x0000000083000000, 0x0000000083100000, 0x0000000083100000|100%| O|  |TAMS 0x0000000083100000, 0x0000000083000000| Untracked 
|  27|0x0000000083100000, 0x0000000083200000, 0x0000000083200000|100%| O|  |TAMS 0x0000000083200000, 0x0000000083100000| Untracked 
|  28|0x0000000083200000, 0x0000000083300000, 0x0000000083300000|100%| O|  |TAMS 0x0000000083200000, 0x0000000083200000| Untracked 
|  29|0x0000000083300000, 0x0000000083400000, 0x0000000083400000|100%| O|  |TAMS 0x0000000083400000, 0x0000000083300000| Untracked 
|  30|0x0000000083400000, 0x0000000083500000, 0x0000000083500000|100%| O|  |TAMS 0x0000000083500000, 0x0000000083400000| Untracked 
|  31|0x0000000083500000, 0x0000000083600000, 0x0000000083600000|100%| O|  |TAMS 0x0000000083600000, 0x0000000083500000| Untracked 
|  32|0x0000000083600000, 0x0000000083700000, 0x0000000083700000|100%| O|  |TAMS 0x0000000083700000, 0x0000000083600000| Untracked 
|  33|0x0000000083700000, 0x0000000083800000, 0x0000000083800000|100%| O|  |TAMS 0x0000000083800000, 0x0000000083700000| Untracked 
|  34|0x0000000083800000, 0x0000000083900000, 0x0000000083900000|100%| O|  |TAMS 0x0000000083900000, 0x0000000083800000| Untracked 
|  35|0x0000000083900000, 0x0000000083900000, 0x0000000083a00000|  0%| F|  |TAMS 0x0000000083900000, 0x0000000083900000| Untracked 
|  36|0x0000000083a00000, 0x0000000083b00000, 0x0000000083b00000|100%| O|  |TAMS 0x0000000083b00000, 0x0000000083a00000| Untracked 
|  37|0x0000000083b00000, 0x0000000083c00000, 0x0000000083c00000|100%| O|  |TAMS 0x0000000083c00000, 0x0000000083b00000| Untracked 
|  38|0x0000000083c00000, 0x0000000083d00000, 0x0000000083d00000|100%| O|  |TAMS 0x0000000083d00000, 0x0000000083c00000| Untracked 
|  39|0x0000000083d00000, 0x0000000083e00000, 0x0000000083e00000|100%| O|  |TAMS 0x0000000083e00000, 0x0000000083d00000| Untracked 
|  40|0x0000000083e00000, 0x0000000083f00000, 0x0000000083f00000|100%| O|  |TAMS 0x0000000083f00000, 0x0000000083e00000| Untracked 
|  41|0x0000000083f00000, 0x0000000084000000, 0x0000000084000000|100%| O|  |TAMS 0x0000000084000000, 0x0000000083f00000| Untracked 
|  42|0x0000000084000000, 0x0000000084100000, 0x0000000084100000|100%| O|  |TAMS 0x0000000084100000, 0x0000000084000000| Untracked 
|  43|0x0000000084100000, 0x0000000084200000, 0x0000000084200000|100%| O|  |TAMS 0x0000000084200000, 0x0000000084100000| Untracked 
|  44|0x0000000084200000, 0x0000000084300000, 0x0000000084300000|100%| O|  |TAMS 0x0000000084300000, 0x0000000084200000| Untracked 
|  45|0x0000000084300000, 0x0000000084400000, 0x0000000084400000|100%| O|  |TAMS 0x0000000084400000, 0x0000000084300000| Untracked 
|  46|0x0000000084400000, 0x0000000084500000, 0x0000000084500000|100%| O|  |TAMS 0x0000000084500000, 0x0000000084400000| Untracked 
|  47|0x0000000084500000, 0x0000000084600000, 0x0000000084600000|100%| O|  |TAMS 0x0000000084600000, 0x0000000084500000| Untracked 
|  48|0x0000000084600000, 0x0000000084700000, 0x0000000084700000|100%| O|  |TAMS 0x0000000084700000, 0x0000000084600000| Untracked 
|  49|0x0000000084700000, 0x0000000084800000, 0x0000000084800000|100%| O|  |TAMS 0x0000000084800000, 0x0000000084700000| Untracked 
|  50|0x0000000084800000, 0x0000000084900000, 0x0000000084900000|100%| O|  |TAMS 0x0000000084900000, 0x0000000084800000| Untracked 
|  51|0x0000000084900000, 0x0000000084a00000, 0x0000000084a00000|100%| O|  |TAMS 0x0000000084a00000, 0x0000000084900000| Untracked 
|  52|0x0000000084a00000, 0x0000000084b00000, 0x0000000084b00000|100%| O|  |TAMS 0x0000000084b00000, 0x0000000084a00000| Untracked 
|  53|0x0000000084b00000, 0x0000000084c00000, 0x0000000084c00000|100%| O|  |TAMS 0x0000000084b54400, 0x0000000084b00000| Untracked 
|  54|0x0000000084c00000, 0x0000000084d00000, 0x0000000084d00000|100%| O|  |TAMS 0x0000000084c00000, 0x0000000084c00000| Untracked 
|  55|0x0000000084d00000, 0x0000000084e00000, 0x0000000084e00000|100%| O|  |TAMS 0x0000000084d00000, 0x0000000084d00000| Untracked 
|  56|0x0000000084e00000, 0x0000000084f00000, 0x0000000084f00000|100%| O|  |TAMS 0x0000000084e00000, 0x0000000084e00000| Untracked 
|  57|0x0000000084f00000, 0x0000000085000000, 0x0000000085000000|100%| O|  |TAMS 0x0000000084f00000, 0x0000000084f00000| Untracked 
|  58|0x0000000085000000, 0x0000000085100000, 0x0000000085100000|100%| O|  |TAMS 0x0000000085000000, 0x0000000085000000| Untracked 
|  59|0x0000000085100000, 0x0000000085200000, 0x0000000085200000|100%| O|  |TAMS 0x0000000085100000, 0x0000000085100000| Untracked 
|  60|0x0000000085200000, 0x0000000085300000, 0x0000000085300000|100%| O|  |TAMS 0x0000000085200000, 0x0000000085200000| Untracked 
|  61|0x0000000085300000, 0x0000000085400000, 0x0000000085400000|100%| O|  |TAMS 0x0000000085300000, 0x0000000085300000| Untracked 
|  62|0x0000000085400000, 0x0000000085400000, 0x0000000085500000|  0%| F|  |TAMS 0x0000000085400000, 0x0000000085400000| Untracked 
|  63|0x0000000085500000, 0x0000000085500000, 0x0000000085600000|  0%| F|  |TAMS 0x0000000085500000, 0x0000000085500000| Untracked 
|  64|0x0000000085600000, 0x0000000085600000, 0x0000000085700000|  0%| F|  |TAMS 0x0000000085600000, 0x0000000085600000| Untracked 
|  65|0x0000000085700000, 0x0000000085700000, 0x0000000085800000|  0%| F|  |TAMS 0x0000000085700000, 0x0000000085700000| Untracked 
|  66|0x0000000085800000, 0x0000000085800000, 0x0000000085900000|  0%| F|  |TAMS 0x0000000085800000, 0x0000000085800000| Untracked 
|  67|0x0000000085900000, 0x0000000085900000, 0x0000000085a00000|  0%| F|  |TAMS 0x0000000085900000, 0x0000000085900000| Untracked 
|  68|0x0000000085a00000, 0x0000000085a00000, 0x0000000085b00000|  0%| F|  |TAMS 0x0000000085a00000, 0x0000000085a00000| Untracked 
|  69|0x0000000085b00000, 0x0000000085b00000, 0x0000000085c00000|  0%| F|  |TAMS 0x0000000085b00000, 0x0000000085b00000| Untracked 
|  70|0x0000000085c00000, 0x0000000085c00000, 0x0000000085d00000|  0%| F|  |TAMS 0x0000000085c00000, 0x0000000085c00000| Untracked 
|  71|0x0000000085d00000, 0x0000000085d00000, 0x0000000085e00000|  0%| F|  |TAMS 0x0000000085d00000, 0x0000000085d00000| Untracked 
|  72|0x0000000085e00000, 0x0000000085e00000, 0x0000000085f00000|  0%| F|  |TAMS 0x0000000085e00000, 0x0000000085e00000| Untracked 
|  73|0x0000000085f00000, 0x0000000085f00000, 0x0000000086000000|  0%| F|  |TAMS 0x0000000085f00000, 0x0000000085f00000| Untracked 
|  74|0x0000000086000000, 0x0000000086000000, 0x0000000086100000|  0%| F|  |TAMS 0x0000000086000000, 0x0000000086000000| Untracked 
|  75|0x0000000086100000, 0x0000000086100000, 0x0000000086200000|  0%| F|  |TAMS 0x0000000086100000, 0x0000000086100000| Untracked 
|  76|0x0000000086200000, 0x0000000086200000, 0x0000000086300000|  0%| F|  |TAMS 0x0000000086200000, 0x0000000086200000| Untracked 
|  77|0x0000000086300000, 0x0000000086300000, 0x0000000086400000|  0%| F|  |TAMS 0x0000000086300000, 0x0000000086300000| Untracked 
|  78|0x0000000086400000, 0x0000000086400000, 0x0000000086500000|  0%| F|  |TAMS 0x0000000086400000, 0x0000000086400000| Untracked 
|  79|0x0000000086500000, 0x0000000086500000, 0x0000000086600000|  0%| F|  |TAMS 0x0000000086500000, 0x0000000086500000| Untracked 
|  80|0x0000000086600000, 0x0000000086600000, 0x0000000086700000|  0%| F|  |TAMS 0x0000000086600000, 0x0000000086600000| Untracked 
|  81|0x0000000086700000, 0x0000000086700000, 0x0000000086800000|  0%| F|  |TAMS 0x0000000086700000, 0x0000000086700000| Untracked 
|  82|0x0000000086800000, 0x0000000086800000, 0x0000000086900000|  0%| F|  |TAMS 0x0000000086800000, 0x0000000086800000| Untracked 
|  83|0x0000000086900000, 0x0000000086900000, 0x0000000086a00000|  0%| F|  |TAMS 0x0000000086900000, 0x0000000086900000| Untracked 
|  84|0x0000000086a00000, 0x0000000086a00000, 0x0000000086b00000|  0%| F|  |TAMS 0x0000000086a00000, 0x0000000086a00000| Untracked 
|  85|0x0000000086b00000, 0x0000000086b00000, 0x0000000086c00000|  0%| F|  |TAMS 0x0000000086b00000, 0x0000000086b00000| Untracked 
|  86|0x0000000086c00000, 0x0000000086c00000, 0x0000000086d00000|  0%| F|  |TAMS 0x0000000086c00000, 0x0000000086c00000| Untracked 
|  87|0x0000000086d00000, 0x0000000086d00000, 0x0000000086e00000|  0%| F|  |TAMS 0x0000000086d00000, 0x0000000086d00000| Untracked 
|  88|0x0000000086e00000, 0x0000000086e00000, 0x0000000086f00000|  0%| F|  |TAMS 0x0000000086e00000, 0x0000000086e00000| Untracked 
|  89|0x0000000086f00000, 0x0000000086f00000, 0x0000000087000000|  0%| F|  |TAMS 0x0000000086f00000, 0x0000000086f00000| Untracked 
|  90|0x0000000087000000, 0x0000000087000000, 0x0000000087100000|  0%| F|  |TAMS 0x0000000087000000, 0x0000000087000000| Untracked 
|  91|0x0000000087100000, 0x0000000087100000, 0x0000000087200000|  0%| F|  |TAMS 0x0000000087100000, 0x0000000087100000| Untracked 
|  92|0x0000000087200000, 0x0000000087200000, 0x0000000087300000|  0%| F|  |TAMS 0x0000000087200000, 0x0000000087200000| Untracked 
|  93|0x0000000087300000, 0x0000000087300000, 0x0000000087400000|  0%| F|  |TAMS 0x0000000087300000, 0x0000000087300000| Untracked 
|  94|0x0000000087400000, 0x0000000087400000, 0x0000000087500000|  0%| F|  |TAMS 0x0000000087400000, 0x0000000087400000| Untracked 
|  95|0x0000000087500000, 0x0000000087500000, 0x0000000087600000|  0%| F|  |TAMS 0x0000000087500000, 0x0000000087500000| Untracked 
|  96|0x0000000087600000, 0x0000000087600000, 0x0000000087700000|  0%| F|  |TAMS 0x0000000087600000, 0x0000000087600000| Untracked 
|  97|0x0000000087700000, 0x0000000087700000, 0x0000000087800000|  0%| F|  |TAMS 0x0000000087700000, 0x0000000087700000| Untracked 
|  98|0x0000000087800000, 0x0000000087800000, 0x0000000087900000|  0%| F|  |TAMS 0x0000000087800000, 0x0000000087800000| Untracked 
|  99|0x0000000087900000, 0x0000000087900000, 0x0000000087a00000|  0%| F|  |TAMS 0x0000000087900000, 0x0000000087900000| Untracked 
| 100|0x0000000087a00000, 0x0000000087a00000, 0x0000000087b00000|  0%| F|  |TAMS 0x0000000087a00000, 0x0000000087a00000| Untracked 
| 101|0x0000000087b00000, 0x0000000087b00000, 0x0000000087c00000|  0%| F|  |TAMS 0x0000000087b00000, 0x0000000087b00000| Untracked 
| 102|0x0000000087c00000, 0x0000000087c00000, 0x0000000087d00000|  0%| F|  |TAMS 0x0000000087c00000, 0x0000000087c00000| Untracked 
| 103|0x0000000087d00000, 0x0000000087d00000, 0x0000000087e00000|  0%| F|  |TAMS 0x0000000087d00000, 0x0000000087d00000| Untracked 
| 104|0x0000000087e00000, 0x0000000087e00000, 0x0000000087f00000|  0%| F|  |TAMS 0x0000000087e00000, 0x0000000087e00000| Untracked 
| 105|0x0000000087f00000, 0x0000000087f00000, 0x0000000088000000|  0%| F|  |TAMS 0x0000000087f00000, 0x0000000087f00000| Untracked 
| 106|0x0000000088000000, 0x0000000088000000, 0x0000000088100000|  0%| F|  |TAMS 0x0000000088000000, 0x0000000088000000| Untracked 
| 107|0x0000000088100000, 0x0000000088100000, 0x0000000088200000|  0%| F|  |TAMS 0x0000000088100000, 0x0000000088100000| Untracked 
| 108|0x0000000088200000, 0x0000000088200000, 0x0000000088300000|  0%| F|  |TAMS 0x0000000088200000, 0x0000000088200000| Untracked 
| 109|0x0000000088300000, 0x0000000088300000, 0x0000000088400000|  0%| F|  |TAMS 0x0000000088300000, 0x0000000088300000| Untracked 
| 110|0x0000000088400000, 0x0000000088400000, 0x0000000088500000|  0%| F|  |TAMS 0x0000000088400000, 0x0000000088400000| Untracked 
| 111|0x0000000088500000, 0x00000000885beca0, 0x0000000088600000| 74%| S|CS|TAMS 0x0000000088500000, 0x0000000088500000| Complete 
| 112|0x0000000088600000, 0x0000000088600000, 0x0000000088700000|  0%| F|  |TAMS 0x0000000088600000, 0x0000000088600000| Untracked 
| 113|0x0000000088700000, 0x0000000088700000, 0x0000000088800000|  0%| F|  |TAMS 0x0000000088700000, 0x0000000088700000| Untracked 
| 114|0x0000000088800000, 0x0000000088800000, 0x0000000088900000|  0%| F|  |TAMS 0x0000000088800000, 0x0000000088800000| Untracked 
| 115|0x0000000088900000, 0x0000000088900000, 0x0000000088a00000|  0%| F|  |TAMS 0x0000000088900000, 0x0000000088900000| Untracked 
| 116|0x0000000088a00000, 0x0000000088a00000, 0x0000000088b00000|  0%| F|  |TAMS 0x0000000088a00000, 0x0000000088a00000| Untracked 
| 117|0x0000000088b00000, 0x0000000088b00000, 0x0000000088c00000|  0%| F|  |TAMS 0x0000000088b00000, 0x0000000088b00000| Untracked 
| 118|0x0000000088c00000, 0x0000000088c00000, 0x0000000088d00000|  0%| F|  |TAMS 0x0000000088c00000, 0x0000000088c00000| Untracked 
| 119|0x0000000088d00000, 0x0000000088d00000, 0x0000000088e00000|  0%| F|  |TAMS 0x0000000088d00000, 0x0000000088d00000| Untracked 
| 120|0x0000000088e00000, 0x0000000088e00000, 0x0000000088f00000|  0%| F|  |TAMS 0x0000000088e00000, 0x0000000088e00000| Untracked 
| 121|0x0000000088f00000, 0x0000000088f00000, 0x0000000089000000|  0%| F|  |TAMS 0x0000000088f00000, 0x0000000088f00000| Untracked 
| 122|0x0000000089000000, 0x0000000089000000, 0x0000000089100000|  0%| F|  |TAMS 0x0000000089000000, 0x0000000089000000| Untracked 
| 123|0x0000000089100000, 0x0000000089100000, 0x0000000089200000|  0%| F|  |TAMS 0x0000000089100000, 0x0000000089100000| Untracked 
| 124|0x0000000089200000, 0x0000000089200000, 0x0000000089300000|  0%| F|  |TAMS 0x0000000089200000, 0x0000000089200000| Untracked 
| 125|0x0000000089300000, 0x0000000089300000, 0x0000000089400000|  0%| F|  |TAMS 0x0000000089300000, 0x0000000089300000| Untracked 
| 126|0x0000000089400000, 0x0000000089400000, 0x0000000089500000|  0%| F|  |TAMS 0x0000000089400000, 0x0000000089400000| Untracked 
| 127|0x0000000089500000, 0x0000000089500000, 0x0000000089600000|  0%| F|  |TAMS 0x0000000089500000, 0x0000000089500000| Untracked 
| 128|0x0000000089600000, 0x0000000089600000, 0x0000000089700000|  0%| F|  |TAMS 0x0000000089600000, 0x0000000089600000| Untracked 
| 129|0x0000000089700000, 0x0000000089700000, 0x0000000089800000|  0%| F|  |TAMS 0x0000000089700000, 0x0000000089700000| Untracked 
| 130|0x0000000089800000, 0x0000000089800000, 0x0000000089900000|  0%| F|  |TAMS 0x0000000089800000, 0x0000000089800000| Untracked 
| 131|0x0000000089900000, 0x0000000089900000, 0x0000000089a00000|  0%| F|  |TAMS 0x0000000089900000, 0x0000000089900000| Untracked 
| 132|0x0000000089a00000, 0x0000000089a00000, 0x0000000089b00000|  0%| F|  |TAMS 0x0000000089a00000, 0x0000000089a00000| Untracked 
| 133|0x0000000089b00000, 0x0000000089b00000, 0x0000000089c00000|  0%| F|  |TAMS 0x0000000089b00000, 0x0000000089b00000| Untracked 
| 134|0x0000000089c00000, 0x0000000089c00000, 0x0000000089d00000|  0%| F|  |TAMS 0x0000000089c00000, 0x0000000089c00000| Untracked 
| 135|0x0000000089d00000, 0x0000000089d00000, 0x0000000089e00000|  0%| F|  |TAMS 0x0000000089d00000, 0x0000000089d00000| Untracked 
| 136|0x0000000089e00000, 0x0000000089e00000, 0x0000000089f00000|  0%| F|  |TAMS 0x0000000089e00000, 0x0000000089e00000| Untracked 
| 137|0x0000000089f00000, 0x0000000089f00000, 0x000000008a000000|  0%| F|  |TAMS 0x0000000089f00000, 0x0000000089f00000| Untracked 
| 138|0x000000008a000000, 0x000000008a000000, 0x000000008a100000|  0%| F|  |TAMS 0x000000008a000000, 0x000000008a000000| Untracked 
| 139|0x000000008a100000, 0x000000008a100000, 0x000000008a200000|  0%| F|  |TAMS 0x000000008a100000, 0x000000008a100000| Untracked 
| 140|0x000000008a200000, 0x000000008a200000, 0x000000008a300000|  0%| F|  |TAMS 0x000000008a200000, 0x000000008a200000| Untracked 
| 141|0x000000008a300000, 0x000000008a300000, 0x000000008a400000|  0%| F|  |TAMS 0x000000008a300000, 0x000000008a300000| Untracked 
| 142|0x000000008a400000, 0x000000008a400000, 0x000000008a500000|  0%| F|  |TAMS 0x000000008a400000, 0x000000008a400000| Untracked 
| 143|0x000000008a500000, 0x000000008a500000, 0x000000008a600000|  0%| F|  |TAMS 0x000000008a500000, 0x000000008a500000| Untracked 
| 144|0x000000008a600000, 0x000000008a600000, 0x000000008a700000|  0%| F|  |TAMS 0x000000008a600000, 0x000000008a600000| Untracked 
| 145|0x000000008a700000, 0x000000008a700000, 0x000000008a800000|  0%| F|  |TAMS 0x000000008a700000, 0x000000008a700000| Untracked 
| 146|0x000000008a800000, 0x000000008a800000, 0x000000008a900000|  0%| F|  |TAMS 0x000000008a800000, 0x000000008a800000| Untracked 
| 147|0x000000008a900000, 0x000000008a900000, 0x000000008aa00000|  0%| F|  |TAMS 0x000000008a900000, 0x000000008a900000| Untracked 
| 148|0x000000008aa00000, 0x000000008aa00000, 0x000000008ab00000|  0%| F|  |TAMS 0x000000008aa00000, 0x000000008aa00000| Untracked 
| 149|0x000000008ab00000, 0x000000008ab00000, 0x000000008ac00000|  0%| F|  |TAMS 0x000000008ab00000, 0x000000008ab00000| Untracked 
| 150|0x000000008ac00000, 0x000000008ac00000, 0x000000008ad00000|  0%| F|  |TAMS 0x000000008ac00000, 0x000000008ac00000| Untracked 
| 151|0x000000008ad00000, 0x000000008ad00000, 0x000000008ae00000|  0%| F|  |TAMS 0x000000008ad00000, 0x000000008ad00000| Untracked 
| 152|0x000000008ae00000, 0x000000008ae00000, 0x000000008af00000|  0%| F|  |TAMS 0x000000008ae00000, 0x000000008ae00000| Untracked 
| 153|0x000000008af00000, 0x000000008af00000, 0x000000008b000000|  0%| F|  |TAMS 0x000000008af00000, 0x000000008af00000| Untracked 
| 154|0x000000008b000000, 0x000000008b000000, 0x000000008b100000|  0%| F|  |TAMS 0x000000008b000000, 0x000000008b000000| Untracked 
| 155|0x000000008b100000, 0x000000008b100000, 0x000000008b200000|  0%| F|  |TAMS 0x000000008b100000, 0x000000008b100000| Untracked 
| 156|0x000000008b200000, 0x000000008b200000, 0x000000008b300000|  0%| F|  |TAMS 0x000000008b200000, 0x000000008b200000| Untracked 
| 157|0x000000008b300000, 0x000000008b300000, 0x000000008b400000|  0%| F|  |TAMS 0x000000008b300000, 0x000000008b300000| Untracked 
| 158|0x000000008b400000, 0x000000008b400000, 0x000000008b500000|  0%| F|  |TAMS 0x000000008b400000, 0x000000008b400000| Untracked 
| 159|0x000000008b500000, 0x000000008b500000, 0x000000008b600000|  0%| F|  |TAMS 0x000000008b500000, 0x000000008b500000| Untracked 
| 160|0x000000008b600000, 0x000000008b600000, 0x000000008b700000|  0%| F|  |TAMS 0x000000008b600000, 0x000000008b600000| Untracked 
| 161|0x000000008b700000, 0x000000008b700000, 0x000000008b800000|  0%| F|  |TAMS 0x000000008b700000, 0x000000008b700000| Untracked 
| 162|0x000000008b800000, 0x000000008b800000, 0x000000008b900000|  0%| F|  |TAMS 0x000000008b800000, 0x000000008b800000| Untracked 
| 163|0x000000008b900000, 0x000000008b900000, 0x000000008ba00000|  0%| F|  |TAMS 0x000000008b900000, 0x000000008b900000| Untracked 
| 164|0x000000008ba00000, 0x000000008ba00000, 0x000000008bb00000|  0%| F|  |TAMS 0x000000008ba00000, 0x000000008ba00000| Untracked 
| 165|0x000000008bb00000, 0x000000008bb00000, 0x000000008bc00000|  0%| F|  |TAMS 0x000000008bb00000, 0x000000008bb00000| Untracked 
| 166|0x000000008bc00000, 0x000000008bc00000, 0x000000008bd00000|  0%| F|  |TAMS 0x000000008bc00000, 0x000000008bc00000| Untracked 
| 167|0x000000008bd00000, 0x000000008bd00000, 0x000000008be00000|  0%| F|  |TAMS 0x000000008bd00000, 0x000000008bd00000| Untracked 
| 168|0x000000008be00000, 0x000000008be00000, 0x000000008bf00000|  0%| F|  |TAMS 0x000000008be00000, 0x000000008be00000| Untracked 
| 169|0x000000008bf00000, 0x000000008bf00000, 0x000000008c000000|  0%| F|  |TAMS 0x000000008bf00000, 0x000000008bf00000| Untracked 
| 170|0x000000008c000000, 0x000000008c000000, 0x000000008c100000|  0%| F|  |TAMS 0x000000008c000000, 0x000000008c000000| Untracked 
| 171|0x000000008c100000, 0x000000008c100000, 0x000000008c200000|  0%| F|  |TAMS 0x000000008c100000, 0x000000008c100000| Untracked 
| 172|0x000000008c200000, 0x000000008c200000, 0x000000008c300000|  0%| F|  |TAMS 0x000000008c200000, 0x000000008c200000| Untracked 
| 173|0x000000008c300000, 0x000000008c300000, 0x000000008c400000|  0%| F|  |TAMS 0x000000008c300000, 0x000000008c300000| Untracked 
| 174|0x000000008c400000, 0x000000008c400000, 0x000000008c500000|  0%| F|  |TAMS 0x000000008c400000, 0x000000008c400000| Untracked 
| 175|0x000000008c500000, 0x000000008c500000, 0x000000008c600000|  0%| F|  |TAMS 0x000000008c500000, 0x000000008c500000| Untracked 
| 176|0x000000008c600000, 0x000000008c600000, 0x000000008c700000|  0%| F|  |TAMS 0x000000008c600000, 0x000000008c600000| Untracked 
| 177|0x000000008c700000, 0x000000008c700000, 0x000000008c800000|  0%| F|  |TAMS 0x000000008c700000, 0x000000008c700000| Untracked 
| 178|0x000000008c800000, 0x000000008c800000, 0x000000008c900000|  0%| F|  |TAMS 0x000000008c800000, 0x000000008c800000| Untracked 
| 179|0x000000008c900000, 0x000000008c900000, 0x000000008ca00000|  0%| F|  |TAMS 0x000000008c900000, 0x000000008c900000| Untracked 
| 180|0x000000008ca00000, 0x000000008cb00000, 0x000000008cb00000|100%| E|  |TAMS 0x000000008ca00000, 0x000000008ca00000| Complete 
| 181|0x000000008cb00000, 0x000000008cc00000, 0x000000008cc00000|100%| E|CS|TAMS 0x000000008cb00000, 0x000000008cb00000| Complete 
| 182|0x000000008cc00000, 0x000000008cd00000, 0x000000008cd00000|100%| E|CS|TAMS 0x000000008cc00000, 0x000000008cc00000| Complete 
| 183|0x000000008cd00000, 0x000000008ce00000, 0x000000008ce00000|100%| E|CS|TAMS 0x000000008cd00000, 0x000000008cd00000| Complete 
| 184|0x000000008ce00000, 0x000000008cf00000, 0x000000008cf00000|100%| E|CS|TAMS 0x000000008ce00000, 0x000000008ce00000| Complete 
| 185|0x000000008cf00000, 0x000000008d000000, 0x000000008d000000|100%| E|CS|TAMS 0x000000008cf00000, 0x000000008cf00000| Complete 
| 186|0x000000008d000000, 0x000000008d100000, 0x000000008d100000|100%| E|CS|TAMS 0x000000008d000000, 0x000000008d000000| Complete 
| 187|0x000000008d100000, 0x000000008d200000, 0x000000008d200000|100%| E|CS|TAMS 0x000000008d100000, 0x000000008d100000| Complete 
| 188|0x000000008d200000, 0x000000008d300000, 0x000000008d300000|100%| E|CS|TAMS 0x000000008d200000, 0x000000008d200000| Complete 
| 189|0x000000008d300000, 0x000000008d400000, 0x000000008d400000|100%| E|CS|TAMS 0x000000008d300000, 0x000000008d300000| Complete 
| 190|0x000000008d400000, 0x000000008d500000, 0x000000008d500000|100%| E|CS|TAMS 0x000000008d400000, 0x000000008d400000| Complete 
| 191|0x000000008d500000, 0x000000008d600000, 0x000000008d600000|100%| E|CS|TAMS 0x000000008d500000, 0x000000008d500000| Complete 
| 192|0x000000008d600000, 0x000000008d700000, 0x000000008d700000|100%| E|CS|TAMS 0x000000008d600000, 0x000000008d600000| Complete 
| 193|0x000000008d700000, 0x000000008d800000, 0x000000008d800000|100%| E|CS|TAMS 0x000000008d700000, 0x000000008d700000| Complete 
| 194|0x000000008d800000, 0x000000008d900000, 0x000000008d900000|100%| E|CS|TAMS 0x000000008d800000, 0x000000008d800000| Complete 
| 195|0x000000008d900000, 0x000000008da00000, 0x000000008da00000|100%| E|CS|TAMS 0x000000008d900000, 0x000000008d900000| Complete 
| 196|0x000000008da00000, 0x000000008db00000, 0x000000008db00000|100%| E|CS|TAMS 0x000000008da00000, 0x000000008da00000| Complete 
| 197|0x000000008db00000, 0x000000008dc00000, 0x000000008dc00000|100%| E|CS|TAMS 0x000000008db00000, 0x000000008db00000| Complete 
| 198|0x000000008dc00000, 0x000000008dd00000, 0x000000008dd00000|100%| E|CS|TAMS 0x000000008dc00000, 0x000000008dc00000| Complete 
| 199|0x000000008dd00000, 0x000000008de00000, 0x000000008de00000|100%| E|CS|TAMS 0x000000008dd00000, 0x000000008dd00000| Complete 
| 200|0x000000008de00000, 0x000000008df00000, 0x000000008df00000|100%| E|CS|TAMS 0x000000008de00000, 0x000000008de00000| Complete 
| 201|0x000000008df00000, 0x000000008e000000, 0x000000008e000000|100%| E|CS|TAMS 0x000000008df00000, 0x000000008df00000| Complete 
| 202|0x000000008e000000, 0x000000008e100000, 0x000000008e100000|100%| E|CS|TAMS 0x000000008e000000, 0x000000008e000000| Complete 
| 203|0x000000008e100000, 0x000000008e200000, 0x000000008e200000|100%| E|CS|TAMS 0x000000008e100000, 0x000000008e100000| Complete 
| 204|0x000000008e200000, 0x000000008e300000, 0x000000008e300000|100%| E|CS|TAMS 0x000000008e200000, 0x000000008e200000| Complete 
| 205|0x000000008e300000, 0x000000008e400000, 0x000000008e400000|100%| E|  |TAMS 0x000000008e300000, 0x000000008e300000| Complete 
| 206|0x000000008e400000, 0x000000008e500000, 0x000000008e500000|100%| E|CS|TAMS 0x000000008e400000, 0x000000008e400000| Complete 
| 207|0x000000008e500000, 0x000000008e600000, 0x000000008e600000|100%| E|CS|TAMS 0x000000008e500000, 0x000000008e500000| Complete 
| 208|0x000000008e600000, 0x000000008e700000, 0x000000008e700000|100%| E|CS|TAMS 0x000000008e600000, 0x000000008e600000| Complete 
| 209|0x000000008e700000, 0x000000008e800000, 0x000000008e800000|100%| E|CS|TAMS 0x000000008e700000, 0x000000008e700000| Complete 
| 210|0x000000008e800000, 0x000000008e900000, 0x000000008e900000|100%| E|CS|TAMS 0x000000008e800000, 0x000000008e800000| Complete 
| 211|0x000000008e900000, 0x000000008ea00000, 0x000000008ea00000|100%| E|CS|TAMS 0x000000008e900000, 0x000000008e900000| Complete 
| 212|0x000000008ea00000, 0x000000008eb00000, 0x000000008eb00000|100%| E|CS|TAMS 0x000000008ea00000, 0x000000008ea00000| Complete 
| 213|0x000000008eb00000, 0x000000008ec00000, 0x000000008ec00000|100%| E|CS|TAMS 0x000000008eb00000, 0x000000008eb00000| Complete 
| 214|0x000000008ec00000, 0x000000008ed00000, 0x000000008ed00000|100%| E|CS|TAMS 0x000000008ec00000, 0x000000008ec00000| Complete 
| 215|0x000000008ed00000, 0x000000008ee00000, 0x000000008ee00000|100%| E|CS|TAMS 0x000000008ed00000, 0x000000008ed00000| Complete 
| 216|0x000000008ee00000, 0x000000008ef00000, 0x000000008ef00000|100%| E|CS|TAMS 0x000000008ee00000, 0x000000008ee00000| Complete 
| 217|0x000000008ef00000, 0x000000008f000000, 0x000000008f000000|100%| E|CS|TAMS 0x000000008ef00000, 0x000000008ef00000| Complete 
| 218|0x000000008f000000, 0x000000008f100000, 0x000000008f100000|100%| E|CS|TAMS 0x000000008f000000, 0x000000008f000000| Complete 
| 219|0x000000008f100000, 0x000000008f200000, 0x000000008f200000|100%| E|CS|TAMS 0x000000008f100000, 0x000000008f100000| Complete 
| 220|0x000000008f200000, 0x000000008f300000, 0x000000008f300000|100%| E|CS|TAMS 0x000000008f200000, 0x000000008f200000| Complete 
| 221|0x000000008f300000, 0x000000008f400000, 0x000000008f400000|100%| E|CS|TAMS 0x000000008f300000, 0x000000008f300000| Complete 
| 222|0x000000008f400000, 0x000000008f500000, 0x000000008f500000|100%| E|CS|TAMS 0x000000008f400000, 0x000000008f400000| Complete 
| 223|0x000000008f500000, 0x000000008f600000, 0x000000008f600000|100%| E|CS|TAMS 0x000000008f500000, 0x000000008f500000| Complete 
| 224|0x000000008f600000, 0x000000008f700000, 0x000000008f700000|100%| E|CS|TAMS 0x000000008f600000, 0x000000008f600000| Complete 
| 225|0x000000008f700000, 0x000000008f800000, 0x000000008f800000|100%| E|CS|TAMS 0x000000008f700000, 0x000000008f700000| Complete 

Card table byte_map: [0x0000020f34250000,0x0000020f34650000] _byte_map_base: 0x0000020f33e45000

Marking Bits (Prev, Next): (CMBitMap*) 0x0000020f1fbb96f0, (CMBitMap*) 0x0000020f1fbb9730
 Prev Bits: [0x0000020f34a50000, 0x0000020f369f8000)
 Next Bits: [0x0000020f36a00000, 0x0000020f389a8000)

Polling page: 0x0000020f1f9c0000

Metaspace:

Usage:
  Non-class:     70.02 MB used.
      Class:      8.86 MB used.
       Both:     78.88 MB used.

Virtual space:
  Non-class space:      128.00 MB reserved,      70.19 MB ( 55%) committed,  2 nodes.
      Class space:        1.00 GB reserved,       9.06 MB ( <1%) committed,  1 nodes.
             Both:        1.12 GB reserved,      79.25 MB (  7%) committed. 

Chunk freelists:
   Non-Class:  9.83 MB
       Class:  6.80 MB
        Both:  16.62 MB

MaxMetaspaceSize: unlimited
CompressedClassSpaceSize: 1.00 GB
Initial GC threshold: 21.00 MB
Current GC threshold: 113.69 MB
CDS: off
MetaspaceReclaimPolicy: balanced
 - commit_granule_bytes: 65536.
 - commit_granule_words: 8192.
 - virtual_space_node_default_size: 8388608.
 - enlarge_chunks_in_place: 1.
 - new_chunks_are_fully_committed: 0.
 - uncommit_free_chunks: 1.
 - use_allocation_guard: 0.
 - handle_deallocations: 1.


Internal statistics:

num_allocs_failed_limit: 12.
num_arena_births: 392.
num_arena_deaths: 0.
num_vsnodes_births: 3.
num_vsnodes_deaths: 0.
num_space_committed: 1266.
num_space_uncommitted: 0.
num_chunks_returned_to_freelist: 12.
num_chunks_taken_from_freelist: 2918.
num_chunk_merges: 9.
num_chunk_splits: 2442.
num_chunks_enlarged: 2159.
num_inconsistent_stats: 0.

CodeHeap 'non-profiled nmethods': size=120000Kb used=4541Kb max_used=4541Kb free=115458Kb
 bounds [0x0000020f2c2f0000, 0x0000020f2c760000, 0x0000020f33820000]
CodeHeap 'profiled nmethods': size=120000Kb used=26013Kb max_used=26013Kb free=93986Kb
 bounds [0x0000020f24820000, 0x0000020f26190000, 0x0000020f2bd50000]
CodeHeap 'non-nmethods': size=5760Kb used=1402Kb max_used=1449Kb free=4357Kb
 bounds [0x0000020f2bd50000, 0x0000020f2bfc0000, 0x0000020f2c2f0000]
 total_blobs=10296 nmethods=9565 adapters=640
 compilation: enabled
              stopped_count=0, restarted_count=0
 full_count=0

Compilation events (20 events):
Event: 14.974 Thread 0x0000020f3b1c4c60 10900       1       org.jetbrains.kotlin.codegen.state.GenerationState::getShouldValidateBytecode (5 bytes)
Event: 14.975 Thread 0x0000020f3b1c4c60 nmethod 10900 0x0000020f2c74b610 code [0x0000020f2c74b7a0, 0x0000020f2c74b878]
Event: 14.975 Thread 0x0000020f3b1c4c60 10901       3       org.jetbrains.kotlin.codegen.optimization.DeadCodeEliminationMethodTransformer::transform (118 bytes)
Event: 14.976 Thread 0x0000020f42205030 nmethod 10864 0x0000020f2c74b910 code [0x0000020f2c74bb80, 0x0000020f2c74c608]
Event: 14.976 Thread 0x0000020f3b1c4c60 nmethod 10901 0x0000020f2615aa10 code [0x0000020f2615ada0, 0x0000020f2615c208]
Event: 14.976 Thread 0x0000020f3b1c4c60 10902       3       org.jetbrains.kotlin.types.AbstractTypeApproximator::approximateParametrizedType (1378 bytes)
Event: 14.976 Thread 0x0000020f42205030 10863       4       org.jetbrains.org.objectweb.asm.tree.analysis.Frame::push (50 bytes)
Event: 14.979 Thread 0x0000020f42205030 nmethod 10863 0x0000020f2c74cf90 code [0x0000020f2c74d120, 0x0000020f2c74d358]
Event: 14.979 Thread 0x0000020f42205030 10867       4       org.jetbrains.org.objectweb.asm.tree.analysis.Frame::pop (39 bytes)
Event: 14.980 Thread 0x0000020f42205030 nmethod 10867 0x0000020f2c74d490 code [0x0000020f2c74d600, 0x0000020f2c74d6d8]
Event: 14.980 Thread 0x0000020f42205030 10885       4       org.jetbrains.org.objectweb.asm.MethodWriter::visitAbstractType (8 bytes)
Event: 14.980 Thread 0x0000020f42205030 nmethod 10885 0x0000020f2c74d790 code [0x0000020f2c74d900, 0x0000020f2c74d9b8]
Event: 14.981 Thread 0x0000020f42205030 10903       4       org.jetbrains.kotlin.backend.jvm.codegen.ClassCodegen$typeMapper$1::mapType (106 bytes)
Event: 14.991 Thread 0x0000020f42205030 nmethod 10903 0x0000020f2c74da90 code [0x0000020f2c74dca0, 0x0000020f2c74e270]
Event: 14.992 Thread 0x0000020f42205030 10904       4       org.jetbrains.kotlin.config.AnalysisFlag::hashCode (8 bytes)
Event: 14.997 Thread 0x0000020f42205030 nmethod 10904 0x0000020f2c74e910 code [0x0000020f2c74eaa0, 0x0000020f2c74ecc8]
Event: 15.002 Thread 0x0000020f42205030 10908       4       org.jetbrains.kotlin.codegen.optimization.DeadCodeEliminationMethodTransformer::shouldRemove (108 bytes)
Event: 15.006 Thread 0x0000020f42205030 nmethod 10908 0x0000020f2c74ee90 code [0x0000020f2c74f020, 0x0000020f2c74f218]
Event: 15.006 Thread 0x0000020f42205030 10909       4       org.jetbrains.org.objectweb.asm.MethodVisitor::visitLabel (16 bytes)
Event: 15.007 Thread 0x0000020f42205030 nmethod 10909 0x0000020f2c74f490 code [0x0000020f2c74f600, 0x0000020f2c74f698]

GC Heap History (20 events):
Event: 6.372 GC heap before
{Heap before GC invocations=13 (full 0):
 garbage-first heap   total 96256K, used 73515K [0x0000000081600000, 0x0000000100000000)
  region size 1024K, 48 young (49152K), 3 survivors (3072K)
 Metaspace       used 52613K, committed 52864K, reserved 1114112K
  class space    used 6279K, committed 6400K, reserved 1048576K
}
Event: 6.399 GC heap after
{Heap after GC invocations=14 (full 0):
 garbage-first heap   total 96256K, used 36097K [0x0000000081600000, 0x0000000100000000)
  region size 1024K, 6 young (6144K), 6 survivors (6144K)
 Metaspace       used 52613K, committed 52864K, reserved 1114112K
  class space    used 6279K, committed 6400K, reserved 1048576K
}
Event: 7.033 GC heap before
{Heap before GC invocations=14 (full 0):
 garbage-first heap   total 96256K, used 67841K [0x0000000081600000, 0x0000000100000000)
  region size 1024K, 37 young (37888K), 6 survivors (6144K)
 Metaspace       used 53647K, committed 53888K, reserved 1114112K
  class space    used 6364K, committed 6464K, reserved 1048576K
}
Event: 7.057 GC heap after
{Heap after GC invocations=15 (full 0):
 garbage-first heap   total 96256K, used 40346K [0x0000000081600000, 0x0000000100000000)
  region size 1024K, 4 young (4096K), 4 survivors (4096K)
 Metaspace       used 53647K, committed 53888K, reserved 1114112K
  class space    used 6364K, committed 6464K, reserved 1048576K
}
Event: 7.816 GC heap before
{Heap before GC invocations=15 (full 0):
 garbage-first heap   total 96256K, used 71066K [0x0000000081600000, 0x0000000100000000)
  region size 1024K, 34 young (34816K), 4 survivors (4096K)
 Metaspace       used 55001K, committed 55232K, reserved 1114112K
  class space    used 6499K, committed 6592K, reserved 1048576K
}
Event: 7.837 GC heap after
{Heap after GC invocations=16 (full 0):
 garbage-first heap   total 96256K, used 45298K [0x0000000081600000, 0x0000000100000000)
  region size 1024K, 5 young (5120K), 5 survivors (5120K)
 Metaspace       used 55001K, committed 55232K, reserved 1114112K
  class space    used 6499K, committed 6592K, reserved 1048576K
}
Event: 8.620 GC heap before
{Heap before GC invocations=16 (full 0):
 garbage-first heap   total 96256K, used 72946K [0x0000000081600000, 0x0000000100000000)
  region size 1024K, 32 young (32768K), 5 survivors (5120K)
 Metaspace       used 56426K, committed 56640K, reserved 1114112K
  class space    used 6630K, committed 6720K, reserved 1048576K
}
Event: 8.640 GC heap after
{Heap after GC invocations=17 (full 0):
 garbage-first heap   total 115712K, used 48909K [0x0000000081600000, 0x0000000100000000)
  region size 1024K, 4 young (4096K), 4 survivors (4096K)
 Metaspace       used 56426K, committed 56640K, reserved 1114112K
  class space    used 6630K, committed 6720K, reserved 1048576K
}
Event: 9.238 GC heap before
{Heap before GC invocations=17 (full 0):
 garbage-first heap   total 115712K, used 69389K [0x0000000081600000, 0x0000000100000000)
  region size 1024K, 25 young (25600K), 4 survivors (4096K)
 Metaspace       used 60167K, committed 60416K, reserved 1114112K
  class space    used 7037K, committed 7168K, reserved 1048576K
}
Event: 9.252 GC heap after
{Heap after GC invocations=18 (full 0):
 garbage-first heap   total 115712K, used 50967K [0x0000000081600000, 0x0000000100000000)
  region size 1024K, 2 young (2048K), 2 survivors (2048K)
 Metaspace       used 60167K, committed 60416K, reserved 1114112K
  class space    used 7037K, committed 7168K, reserved 1048576K
}
Event: 10.889 GC heap before
{Heap before GC invocations=19 (full 0):
 garbage-first heap   total 115712K, used 87831K [0x0000000081600000, 0x0000000100000000)
  region size 1024K, 39 young (39936K), 2 survivors (2048K)
 Metaspace       used 65561K, committed 65856K, reserved 1114112K
  class space    used 7631K, committed 7808K, reserved 1048576K
}
Event: 10.908 GC heap after
{Heap after GC invocations=20 (full 0):
 garbage-first heap   total 115712K, used 54272K [0x0000000081600000, 0x0000000100000000)
  region size 1024K, 5 young (5120K), 5 survivors (5120K)
 Metaspace       used 65561K, committed 65856K, reserved 1114112K
  class space    used 7631K, committed 7808K, reserved 1048576K
}
Event: 10.938 GC heap before
{Heap before GC invocations=20 (full 0):
 garbage-first heap   total 115712K, used 55296K [0x0000000081600000, 0x0000000100000000)
  region size 1024K, 6 young (6144K), 5 survivors (5120K)
 Metaspace       used 65569K, committed 65856K, reserved 1114112K
  class space    used 7631K, committed 7808K, reserved 1048576K
}
Event: 10.953 GC heap after
{Heap after GC invocations=21 (full 0):
 garbage-first heap   total 115712K, used 54448K [0x0000000081600000, 0x0000000100000000)
  region size 1024K, 1 young (1024K), 1 survivors (1024K)
 Metaspace       used 65569K, committed 65856K, reserved 1114112K
  class space    used 7631K, committed 7808K, reserved 1048576K
}
Event: 12.194 GC heap before
{Heap before GC invocations=21 (full 0):
 garbage-first heap   total 115712K, used 89264K [0x0000000081600000, 0x0000000100000000)
  region size 1024K, 35 young (35840K), 1 survivors (1024K)
 Metaspace       used 68947K, committed 69312K, reserved 1114112K
  class space    used 8026K, committed 8192K, reserved 1048576K
}
Event: 12.211 GC heap after
{Heap after GC invocations=22 (full 0):
 garbage-first heap   total 115712K, used 59392K [0x0000000081600000, 0x0000000100000000)
  region size 1024K, 5 young (5120K), 5 survivors (5120K)
 Metaspace       used 68947K, committed 69312K, reserved 1114112K
  class space    used 8026K, committed 8192K, reserved 1048576K
}
Event: 13.194 GC heap before
{Heap before GC invocations=23 (full 0):
 garbage-first heap   total 115712K, used 91136K [0x0000000081600000, 0x0000000100000000)
  region size 1024K, 36 young (36864K), 5 survivors (5120K)
 Metaspace       used 74928K, committed 75264K, reserved 1179648K
  class space    used 8647K, committed 8832K, reserved 1048576K
}
Event: 13.215 GC heap after
{Heap after GC invocations=24 (full 0):
 garbage-first heap   total 115712K, used 63350K [0x0000000081600000, 0x0000000100000000)
  region size 1024K, 4 young (4096K), 4 survivors (4096K)
 Metaspace       used 74928K, committed 75264K, reserved 1179648K
  class space    used 8647K, committed 8832K, reserved 1048576K
}
Event: 13.236 GC heap before
{Heap before GC invocations=24 (full 0):
 garbage-first heap   total 115712K, used 64374K [0x0000000081600000, 0x0000000100000000)
  region size 1024K, 5 young (5120K), 4 survivors (4096K)
 Metaspace       used 74932K, committed 75264K, reserved 1179648K
  class space    used 8647K, committed 8832K, reserved 1048576K
}
Event: 13.253 GC heap after
{Heap after GC invocations=25 (full 0):
 garbage-first heap   total 231424K, used 62203K [0x0000000081600000, 0x0000000100000000)
  region size 1024K, 1 young (1024K), 1 survivors (1024K)
 Metaspace       used 74932K, committed 75264K, reserved 1179648K
  class space    used 8647K, committed 8832K, reserved 1048576K
}

Dll operation events (2 events):
Event: 0.007 Loaded shared library C:\Program Files\Android\Android Studio\jbr\bin\java.dll
Event: 2.151 Loaded shared library C:\Program Files\Android\Android Studio\jbr\bin\verify.dll

Deoptimization events (20 events):
Event: 14.937 Thread 0x0000020f1fb5f950 Uncommon trap: trap_request=0xffffffde fr.pc=0x0000020f2c73f570 relative=0x0000000000000690
Event: 14.937 Thread 0x0000020f1fb5f950 Uncommon trap: reason=class_check action=maybe_recompile pc=0x0000020f2c73f570 method=org.jetbrains.kotlin.codegen.optimization.common.FastMethodAnalyzer.mergeControlFlowEdge(ILorg/jetbrains/org/objectweb/asm/tree/analysis/Frame;Z)V @ 103 c2
Event: 14.937 Thread 0x0000020f1fb5f950 DEOPT PACKING pc=0x0000020f2c73f570 sp=0x000000b8a58fd900
Event: 14.937 Thread 0x0000020f1fb5f950 DEOPT UNPACKING pc=0x0000020f2bda69a3 sp=0x000000b8a58fd888 mode 2
Event: 14.937 Thread 0x0000020f1fb5f950 Uncommon trap: trap_request=0xffffffde fr.pc=0x0000020f2c73f570 relative=0x0000000000000690
Event: 14.937 Thread 0x0000020f1fb5f950 Uncommon trap: reason=class_check action=maybe_recompile pc=0x0000020f2c73f570 method=org.jetbrains.kotlin.codegen.optimization.common.FastMethodAnalyzer.mergeControlFlowEdge(ILorg/jetbrains/org/objectweb/asm/tree/analysis/Frame;Z)V @ 103 c2
Event: 14.937 Thread 0x0000020f1fb5f950 DEOPT PACKING pc=0x0000020f2c73f570 sp=0x000000b8a58fd900
Event: 14.937 Thread 0x0000020f1fb5f950 DEOPT UNPACKING pc=0x0000020f2bda69a3 sp=0x000000b8a58fd888 mode 2
Event: 14.937 Thread 0x0000020f1fb5f950 Uncommon trap: trap_request=0xffffffde fr.pc=0x0000020f2c73f570 relative=0x0000000000000690
Event: 14.937 Thread 0x0000020f1fb5f950 Uncommon trap: reason=class_check action=maybe_recompile pc=0x0000020f2c73f570 method=org.jetbrains.kotlin.codegen.optimization.common.FastMethodAnalyzer.mergeControlFlowEdge(ILorg/jetbrains/org/objectweb/asm/tree/analysis/Frame;Z)V @ 103 c2
Event: 14.937 Thread 0x0000020f1fb5f950 DEOPT PACKING pc=0x0000020f2c73f570 sp=0x000000b8a58fd900
Event: 14.937 Thread 0x0000020f1fb5f950 DEOPT UNPACKING pc=0x0000020f2bda69a3 sp=0x000000b8a58fd888 mode 2
Event: 14.977 Thread 0x0000020f1fb5f950 Uncommon trap: trap_request=0xffffff45 fr.pc=0x0000020f2c723890 relative=0x00000000000006f0
Event: 14.977 Thread 0x0000020f1fb5f950 Uncommon trap: reason=unstable_if action=reinterpret pc=0x0000020f2c723890 method=org.jetbrains.kotlin.builtins.PrimitiveType$Companion.getByShortName(Ljava/lang/String;)Lorg/jetbrains/kotlin/builtins/PrimitiveType; @ 12 c2
Event: 14.977 Thread 0x0000020f1fb5f950 DEOPT PACKING pc=0x0000020f2c723890 sp=0x000000b8a58fbab0
Event: 14.979 Thread 0x0000020f1fb5f950 DEOPT UNPACKING pc=0x0000020f2bda69a3 sp=0x000000b8a58fb978 mode 2
Event: 14.979 Thread 0x0000020f1fb5f950 Uncommon trap: trap_request=0xffffff45 fr.pc=0x0000020f2c721f70 relative=0x00000000000006d0
Event: 14.979 Thread 0x0000020f1fb5f950 Uncommon trap: reason=unstable_if action=reinterpret pc=0x0000020f2c721f70 method=org.jetbrains.kotlin.builtins.PrimitiveType$Companion.getByShortName(Ljava/lang/String;)Lorg/jetbrains/kotlin/builtins/PrimitiveType; @ 12 c2
Event: 14.981 Thread 0x0000020f1fb5f950 DEOPT PACKING pc=0x0000020f2c721f70 sp=0x000000b8a58fbb60
Event: 14.981 Thread 0x0000020f1fb5f950 DEOPT UNPACKING pc=0x0000020f2bda69a3 sp=0x000000b8a58fbaa0 mode 2

Classes unloaded (0 events):
No events

Classes redefined (0 events):
No events

Internal exceptions (20 events):
Event: 5.423 Thread 0x0000020f1fb5f950 Exception <a 'java/lang/NoSuchMethodError'{0x00000000865bc298}: 'java.lang.Object java.lang.invoke.DirectMethodHandle$Holder.newInvokeSpecial(java.lang.Object, java.lang.Object, java.lang.Object, java.lang.Object, java.lang.Object, java.lang.Object)'> (0x00000000865bc298) 
thrown [s\src\hotspot\share\interpreter\linkResolver.cpp, line 771]
Event: 5.793 Thread 0x0000020f1fb5f950 Exception <a 'java/lang/NoSuchMethodError'{0x0000000085a44948}: 'java.lang.Object java.lang.invoke.DirectMethodHandle$Holder.invokeStaticInit(java.lang.Object, java.lang.Object, java.lang.Object)'> (0x0000000085a44948) 
thrown [s\src\hotspot\share\interpreter\linkResolver.cpp, line 771]
Event: 6.973 Thread 0x0000020f1fb5f950 Exception <a 'java/lang/NoSuchMethodError'{0x000000008577a068}: 'int java.lang.invoke.DirectMethodHandle$Holder.invokeStaticInit(java.lang.Object, int)'> (0x000000008577a068) 
thrown [s\src\hotspot\share\interpreter\linkResolver.cpp, line 771]
Event: 7.292 Thread 0x0000020f1fb5f950 Implicit null exception at 0x0000020f2c542405 to 0x0000020f2c5426ec
Event: 7.304 Thread 0x0000020f1fb5f950 Implicit null exception at 0x0000020f2c47d0ea to 0x0000020f2c47d2b4
Event: 7.307 Thread 0x0000020f1fb5f950 Implicit null exception at 0x0000020f2c33c06a to 0x0000020f2c33c228
Event: 7.750 Thread 0x0000020f1fb5f950 Implicit null exception at 0x0000020f2c5329b4 to 0x0000020f2c532a41
Event: 8.116 Thread 0x0000020f1fb5f950 Implicit null exception at 0x0000020f2c3f0309 to 0x0000020f2c3f03f0
Event: 8.116 Thread 0x0000020f1fb5f950 Implicit null exception at 0x0000020f2c354958 to 0x0000020f2c3549ea
Event: 8.614 Thread 0x0000020f1fb5f950 Exception <a 'java/lang/NoSuchMethodError'{0x00000000859e62f8}: 'java.lang.Object java.lang.invoke.DirectMethodHandle$Holder.newInvokeSpecial(java.lang.Object, int, java.lang.Object)'> (0x00000000859e62f8) 
thrown [s\src\hotspot\share\interpreter\linkResolver.cpp, line 771]
Event: 8.615 Thread 0x0000020f1fb5f950 Exception <a 'java/lang/NoSuchMethodError'{0x00000000859eceb0}: 'int java.lang.invoke.DirectMethodHandle$Holder.invokeInterface(java.lang.Object, java.lang.Object)'> (0x00000000859eceb0) 
thrown [s\src\hotspot\share\interpreter\linkResolver.cpp, line 771]
Event: 8.689 Thread 0x0000020f1fb5f950 Exception <a 'java/lang/NoSuchMethodError'{0x00000000895f9ee0}: 'java.lang.Object java.lang.invoke.DirectMethodHandle$Holder.newInvokeSpecial(java.lang.Object, java.lang.Object, java.lang.Object, java.lang.Object, java.lang.Object, java.lang.Object, java.lang.Object)'> (0x00000000895f9ee0) 
thrown [s\src\hotspot\share\interpreter\linkResolver.cpp, line 771]
Event: 8.690 Thread 0x0000020f1fb5f950 Exception <a 'java/lang/NoSuchMethodError'{0x00000000895fea98}: 'java.lang.Object java.lang.invoke.Invokers$Holder.linkToTargetMethod(java.lang.Object, java.lang.Object, java.lang.Object, java.lang.Object, java.lang.Object, java.lang.Object, java.lang.Object)'> (0x00000000895fea98) 
thrown [s\src\hotspot\share\interpreter\linkResolver.cpp, line 771]
Event: 8.903 Thread 0x0000020f1fb5f950 Implicit null exception at 0x0000020f2c3a246a to 0x0000020f2c3a2628
Event: 9.136 Thread 0x0000020f1fb5f950 Exception <a 'java/lang/NoSuchMethodError'{0x0000000087759918}: 'java.lang.Object java.lang.invoke.DirectMethodHandle$Holder.invokeStaticInit(java.lang.Object, java.lang.Object, java.lang.Object, java.lang.Object)'> (0x0000000087759918) 
thrown [s\src\hotspot\share\interpreter\linkResolver.cpp, line 771]
Event: 9.942 Thread 0x0000020f1fb5f950 Exception <a 'java/lang/NoSuchMethodError'{0x0000000087361ae0}: 'java.lang.Object java.lang.invoke.DirectMethodHandle$Holder.invokeSpecial(java.lang.Object, java.lang.Object, int, int, java.lang.Object, java.lang.Object, java.lang.Object, java.lang.Object, java.lang.Object)'> (0x0000000087361ae0) 
thrown [s\src\hotspot\share\interpreter\linkResolver.cpp, line 771]
Event: 9.947 Thread 0x0000020f1fb5f950 Exception <a 'java/lang/NoSuchMethodError'{0x000000008737be98}: 'java.lang.Object java.lang.invoke.DirectMethodHandle$Holder.invokeStatic(java.lang.Object, int, java.lang.Object)'> (0x000000008737be98) 
thrown [s\src\hotspot\share\interpreter\linkResolver.cpp, line 771]
Event: 9.957 Thread 0x0000020f1fb5f950 Exception <a 'java/lang/NoSuchMethodError'{0x00000000873a4140}: 'java.lang.Object java.lang.invoke.DirectMethodHandle$Holder.newInvokeSpecial(java.lang.Object, int, java.lang.Object, java.lang.Object)'> (0x00000000873a4140) 
thrown [s\src\hotspot\share\interpreter\linkResolver.cpp, line 771]
Event: 11.890 Thread 0x0000020f1fb5f950 Implicit null exception at 0x0000020f2c35b46d to 0x0000020f2c35b68c
Event: 13.583 Thread 0x0000020f1fb5f950 Implicit null exception at 0x0000020f2c5bf9b6 to 0x0000020f2c5bfbd6

VM Operations (20 events):
Event: 14.095 Executing VM operation: HandshakeAllThreads
Event: 14.095 Executing VM operation: HandshakeAllThreads done
Event: 14.257 Executing VM operation: ICBufferFull
Event: 14.258 Executing VM operation: ICBufferFull done
Event: 14.269 Executing VM operation: HandshakeAllThreads
Event: 14.269 Executing VM operation: HandshakeAllThreads done
Event: 14.368 Executing VM operation: ICBufferFull
Event: 14.368 Executing VM operation: ICBufferFull done
Event: 14.588 Executing VM operation: ICBufferFull
Event: 14.588 Executing VM operation: ICBufferFull done
Event: 14.618 Executing VM operation: HandshakeAllThreads
Event: 14.618 Executing VM operation: HandshakeAllThreads done
Event: 14.619 Executing VM operation: HandshakeAllThreads
Event: 14.620 Executing VM operation: HandshakeAllThreads done
Event: 14.768 Executing VM operation: ICBufferFull
Event: 14.768 Executing VM operation: ICBufferFull done
Event: 14.798 Executing VM operation: HandshakeAllThreads
Event: 14.798 Executing VM operation: HandshakeAllThreads done
Event: 15.008 Executing VM operation: ICBufferFull
Event: 15.008 Executing VM operation: ICBufferFull done

Events (20 events):
Event: 14.269 Thread 0x0000020f3b03cf70 flushing nmethod 0x0000020f2c361410
Event: 14.270 Thread 0x0000020f3b03cf70 flushing nmethod 0x0000020f2c427510
Event: 14.270 Thread 0x0000020f3b03cf70 flushing nmethod 0x0000020f2c449790
Event: 14.271 Thread 0x0000020f3b03cf70 flushing nmethod 0x0000020f2c686690
Event: 14.271 Thread 0x0000020f3b03cf70 flushing nmethod 0x0000020f2c6b9e90
Event: 14.272 Thread 0x0000020f3b03cf70 flushing nmethod 0x0000020f248ab510
Event: 14.272 Thread 0x0000020f3b03cf70 flushing nmethod 0x0000020f248f1b10
Event: 14.272 Thread 0x0000020f3b03cf70 flushing nmethod 0x0000020f24904c90
Event: 14.272 Thread 0x0000020f3b03cf70 flushing nmethod 0x0000020f24905590
Event: 14.274 Thread 0x0000020f3b03cf70 flushing nmethod 0x0000020f24aa6610
Event: 14.275 Thread 0x0000020f3b03cf70 flushing nmethod 0x0000020f24ba1590
Event: 14.276 Thread 0x0000020f3b03cf70 flushing nmethod 0x0000020f24c7b190
Event: 14.276 Thread 0x0000020f3b03cf70 flushing nmethod 0x0000020f24cbfc90
Event: 14.277 Thread 0x0000020f3b03cf70 flushing nmethod 0x0000020f24d78b90
Event: 14.280 Thread 0x0000020f3b03cf70 flushing nmethod 0x0000020f250c7590
Event: 14.281 Thread 0x0000020f3b03cf70 flushing nmethod 0x0000020f25262990
Event: 14.284 Thread 0x0000020f3b03cf70 flushing nmethod 0x0000020f25578790
Event: 14.289 Thread 0x0000020f3b03cf70 flushing nmethod 0x0000020f25b00b10
Event: 14.318 Thread 0x0000020f42205030 Thread added: 0x0000020f42205030
Event: 15.019 loading class java/io/FileOutputStream$1


Dynamic libraries:
0x00007ff76e600000 - 0x00007ff76e60a000 	C:\Program Files\Android\Android Studio\jbr\bin\java.exe
0x00007ffde4a10000 - 0x00007ffde4c08000 	C:\Windows\SYSTEM32\ntdll.dll
0x00007ffde3240000 - 0x00007ffde3301000 	C:\Windows\System32\KERNEL32.DLL
0x00007ffde25b0000 - 0x00007ffde28ad000 	C:\Windows\System32\KERNELBASE.dll
0x00007ffde20f0000 - 0x00007ffde21f0000 	C:\Windows\System32\ucrtbase.dll
0x00007ffddd440000 - 0x00007ffddd45b000 	C:\Program Files\Android\Android Studio\jbr\bin\VCRUNTIME140.dll
0x00007ffdc03f0000 - 0x00007ffdc0407000 	C:\Program Files\Android\Android Studio\jbr\bin\jli.dll
0x00007ffde2d00000 - 0x00007ffde2e9d000 	C:\Windows\System32\USER32.dll
0x00007ffde2a10000 - 0x00007ffde2a32000 	C:\Windows\System32\win32u.dll
0x00007ffdd7970000 - 0x00007ffdd7c0a000 	C:\Windows\WinSxS\amd64_microsoft.windows.common-controls_6595b64144ccf1df_6.0.19041.4355_none_60b8b9eb71f62e16\COMCTL32.dll
0x00007ffde4870000 - 0x00007ffde489b000 	C:\Windows\System32\GDI32.dll
0x00007ffde4210000 - 0x00007ffde42ae000 	C:\Windows\System32\msvcrt.dll
0x00007ffde2400000 - 0x00007ffde2517000 	C:\Windows\System32\gdi32full.dll
0x00007ffde2260000 - 0x00007ffde22fd000 	C:\Windows\System32\msvcp_win.dll
0x00007ffde3670000 - 0x00007ffde369f000 	C:\Windows\System32\IMM32.DLL
0x00007ffdde300000 - 0x00007ffdde30c000 	C:\Program Files\Android\Android Studio\jbr\bin\vcruntime140_1.dll
0x00007ffda5d90000 - 0x00007ffda5e1d000 	C:\Program Files\Android\Android Studio\jbr\bin\msvcp140.dll
0x00007ffd4d040000 - 0x00007ffd4dcc3000 	C:\Program Files\Android\Android Studio\jbr\bin\server\jvm.dll
0x00007ffde48a0000 - 0x00007ffde4950000 	C:\Windows\System32\ADVAPI32.dll
0x00007ffde37a0000 - 0x00007ffde3840000 	C:\Windows\System32\sechost.dll
0x00007ffde3fb0000 - 0x00007ffde40d3000 	C:\Windows\System32\RPCRT4.dll
0x00007ffde20c0000 - 0x00007ffde20e7000 	C:\Windows\System32\bcrypt.dll
0x00007ffdd18b0000 - 0x00007ffdd18ba000 	C:\Windows\SYSTEM32\VERSION.dll
0x00007ffdd85a0000 - 0x00007ffdd85c7000 	C:\Windows\SYSTEM32\WINMM.dll
0x00007ffdde780000 - 0x00007ffdde789000 	C:\Windows\SYSTEM32\WSOCK32.dll
0x00007ffde42b0000 - 0x00007ffde431b000 	C:\Windows\System32\WS2_32.dll
0x00007ffde1640000 - 0x00007ffde168b000 	C:\Windows\SYSTEM32\POWRPROF.dll
0x00007ffde14b0000 - 0x00007ffde14c2000 	C:\Windows\SYSTEM32\UMPDC.dll
0x00007ffddff40000 - 0x00007ffddff52000 	C:\Windows\SYSTEM32\kernel.appcore.dll
0x00007ffdc95a0000 - 0x00007ffdc95aa000 	C:\Program Files\Android\Android Studio\jbr\bin\jimage.dll
0x00007ffdcadc0000 - 0x00007ffdcafa4000 	C:\Windows\SYSTEM32\DBGHELP.DLL
0x00007ffdcf8a0000 - 0x00007ffdcf8d4000 	C:\Windows\SYSTEM32\dbgcore.DLL
0x00007ffde2520000 - 0x00007ffde25a2000 	C:\Windows\System32\bcryptPrimitives.dll
0x00007ffdc0b60000 - 0x00007ffdc0b85000 	C:\Program Files\Android\Android Studio\jbr\bin\java.dll
0x00007ffdc6ea0000 - 0x00007ffdc6eb8000 	C:\Program Files\Android\Android Studio\jbr\bin\zip.dll
0x00007ffde3840000 - 0x00007ffde3faf000 	C:\Windows\System32\SHELL32.dll
0x00007ffde0140000 - 0x00007ffde08df000 	C:\Windows\SYSTEM32\windows.storage.dll
0x00007ffde3310000 - 0x00007ffde3663000 	C:\Windows\System32\combase.dll
0x00007ffde1ae0000 - 0x00007ffde1b0e000 	C:\Windows\SYSTEM32\Wldp.dll
0x00007ffde2eb0000 - 0x00007ffde2f7d000 	C:\Windows\System32\OLEAUT32.dll
0x00007ffde2fe0000 - 0x00007ffde308d000 	C:\Windows\System32\SHCORE.dll
0x00007ffde2b80000 - 0x00007ffde2bd5000 	C:\Windows\System32\shlwapi.dll
0x00007ffde1ff0000 - 0x00007ffde2014000 	C:\Windows\SYSTEM32\profapi.dll
0x00007ffdc5910000 - 0x00007ffdc5929000 	C:\Program Files\Android\Android Studio\jbr\bin\net.dll
0x00007ffdd91f0000 - 0x00007ffdd92fd000 	C:\Windows\SYSTEM32\WINHTTP.dll
0x00007ffde1840000 - 0x00007ffde18aa000 	C:\Windows\system32\mswsock.dll
0x00007ffdc0410000 - 0x00007ffdc0426000 	C:\Program Files\Android\Android Studio\jbr\bin\nio.dll
0x00007ffdc4170000 - 0x00007ffdc4180000 	C:\Program Files\Android\Android Studio\jbr\bin\verify.dll

dbghelp: loaded successfully - version: 4.0.5 - missing functions: none
symbol engine: initialized successfully - sym options: 0x614 - pdb path: .;C:\Program Files\Android\Android Studio\jbr\bin;C:\Windows\SYSTEM32;C:\Windows\WinSxS\amd64_microsoft.windows.common-controls_6595b64144ccf1df_6.0.19041.4355_none_60b8b9eb71f62e16;C:\Program Files\Android\Android Studio\jbr\bin\server

VM Arguments:
java_command: org.jetbrains.kotlin.cli.jvm.K2JVMCompiler @D:\projects\internship\CognoRise-InfoTech\Task1-Calculator\app\build\20240817_13235206257652871720.compiler.options
java_class_path (initial): C:\Users\mahmoud\.gradle\caches\modules-2\files-2.1\org.jetbrains.kotlin\kotlin-compiler-embeddable\1.9.0\2c8c3a7402becca891f12739b3e9fd2dc2adbd7a\kotlin-compiler-embeddable-1.9.0.jar;C:\Users\mahmoud\.gradle\caches\modules-2\files-2.1\org.jetbrains.kotlin\kotlin-stdlib\1.9.0\8ee15ef0c67dc83d874f412d84378d7f0eb50b63\kotlin-stdlib-1.9.0.jar;C:\Users\mahmoud\.gradle\caches\modules-2\files-2.1\org.jetbrains.kotlin\kotlin-script-runtime\1.9.0\4b3102cbbb7e1b58d9d1adf89563f00069ffa7d1\kotlin-script-runtime-1.9.0.jar;C:\Users\mahmoud\.gradle\caches\modules-2\files-2.1\org.jetbrains.kotlin\kotlin-reflect\1.6.10\1cbe9c92c12a94eea200d23c2bbaedaf3daf5132\kotlin-reflect-1.6.10.jar;C:\Users\mahmoud\.gradle\caches\modules-2\files-2.1\org.jetbrains.kotlin\kotlin-daemon-embeddable\1.9.0\186543f5e28cf8d9a0290fecc2cf34301c40a65c\kotlin-daemon-embeddable-1.9.0.jar;C:\Users\mahmoud\.gradle\caches\modules-2\files-2.1\org.jetbrains.intellij.deps\trove4j\1.0.20200330\3afb14d5f9ceb459d724e907a21145e8ff394f02\trove4j-1.0.20200330.jar;C:\Users\mahmoud\.gradle\caches\modules-2\files-2.1\org.jetbrains.kotlin\kotlin-stdlib-common\1.9.0\cd65c21cfd1eec4d44ef09f9f52b6d9f8a720636\kotlin-stdlib-common-1.9.0.jar;C:\Users\mahmoud\.gradle\caches\modules-2\files-2.1\org.jetbrains\annotations\13.0\919f0dfe192fb4e063e7dacadee7f8bb9a2672a9\annotations-13.0.jar
Launcher Type: SUN_STANDARD

[Global flags]
     intx CICompilerCount                          = 3                                         {product} {ergonomic}
     uint ConcGCThreads                            = 1                                         {product} {ergonomic}
     uint G1ConcRefinementThreads                  = 4                                         {product} {ergonomic}
   size_t G1HeapRegionSize                         = 1048576                                   {product} {ergonomic}
    uintx GCDrainStackTargetSize                   = 64                                        {product} {ergonomic}
   size_t InitialHeapSize                          = 134217728                                 {product} {ergonomic}
   size_t MarkStackSize                            = 4194304                                   {product} {ergonomic}
   size_t MaxHeapSize                              = 2124414976                                {product} {ergonomic}
   size_t MaxNewSize                               = 1274019840                                {product} {ergonomic}
   size_t MinHeapDeltaBytes                        = 1048576                                   {product} {ergonomic}
   size_t MinHeapSize                              = 8388608                                   {product} {ergonomic}
    uintx NonNMethodCodeHeapSize                   = 5832780                                {pd product} {ergonomic}
    uintx NonProfiledCodeHeapSize                  = 122912730                              {pd product} {ergonomic}
    uintx ProfiledCodeHeapSize                     = 122912730                              {pd product} {ergonomic}
    uintx ReservedCodeCacheSize                    = 251658240                              {pd product} {ergonomic}
     bool SegmentedCodeCache                       = true                                      {product} {ergonomic}
   size_t SoftMaxHeapSize                          = 2124414976                             {manageable} {ergonomic}
     bool UseCompressedClassPointers               = true                           {product lp64_product} {ergonomic}
     bool UseCompressedOops                        = true                           {product lp64_product} {ergonomic}
     bool UseG1GC                                  = true                                      {product} {ergonomic}
     bool UseLargePagesIndividualAllocation        = false                                  {pd product} {ergonomic}

Logging:
Log output configuration:
 #0: stdout all=warning uptime,level,tags
 #1: stderr all=off uptime,level,tags

Environment Variables:
JAVA_HOME=C:\Program Files\Java\jdk-21
PATH=C:\Program Files\Common Files\Oracle\Java\javapath;C:\Windows\system32;C:\Windows;C:\Windows\System32\Wbem;C:\Windows\System32\WindowsPowerShell\v1.0\;C:\Windows\System32\OpenSSH\;C:\Program Files\Java\jdk-21;C:\Program Files\Git\cmd;C:\Users\mahmoud\AppData\Local\Microsoft\WindowsApps;C:\Users\mahmoud\AppData\Local\Programs\Microsoft VS Code\bin;C:\Program Files\JetBrains\IntelliJ IDEA Community Edition 2023.3.2\bin;
USERNAME=mahmoud
OS=Windows_NT
PROCESSOR_IDENTIFIER=Intel64 Family 6 Model 69 Stepping 1, GenuineIntel
TMP=C:\Users\mahmoud\AppData\Local\Temp
TEMP=C:\Users\mahmoud\AppData\Local\Temp



Periodic native trim disabled

JNI global refs:
JNI global refs: 8, weak refs: 0

JNI global refs memory usage: 843, weak refs: 841

OOME stack traces (most recent first):
Classloader memory used:
Loader jdk.internal.loader.ClassLoaders$AppClassLoader                                 : 8410K
Loader bootstrap                                                                       : 1440K
Loader java.net.URLClassLoader                                                         : 234K
Loader jdk.internal.reflect.DelegatingClassLoader                                      : 11339B


---------------  S Y S T E M  ---------------

OS:
 Windows 10 , 64 bit Build 19041 (10.0.19041.4717)
OS uptime: 1 days 19:23 hours

CPU: total 4 (initial active 4) (2 cores per cpu, 2 threads per core) family 6 model 69 stepping 1 microcode 0x25, cx8, cmov, fxsr, ht, mmx, sse, sse2, sse3, ssse3, sse4.1, sse4.2, popcnt, lzcnt, tsc, tscinvbit, avx, avx2, aes, erms, clmul, bmi1, bmi2, fma, vzeroupper, clflush
Processor Information for all 4 processors :
  Max Mhz: 2701, Current Mhz: 2701, Mhz Limit: 2701

Memory: 4k page, system-wide physical 8097M (727M free)
TotalPageFile size 12494M (AvailPageFile size 11M)
current process WorkingSet (physical memory assigned to process): 361M, peak: 368M
current process commit charge ("private bytes"): 460M, peak: 468M

vm_info: OpenJDK 64-Bit Server VM (17.0.10+0--11609105) for windows-amd64 JRE (17.0.10+0--11609105), built on Mar 21 2024 19:10:56 by "androidbuild" with MS VC++ 16.10 / 16.11 (VS2019)

END.
