#
# There is insufficient memory for the Java Runtime Environment to continue.
# Native memory allocation (mmap) failed to map 134217728 bytes for G1 virtual space
# Possible reasons:
#   The system is out of physical RAM or swap space
#   The process is running with CompressedOops enabled, and the Java Heap may be blocking the growth of the native heap
# Possible solutions:
#   Reduce memory load on the system
#   Increase physical memory or swap space
#   Check if swap backing store is full
#   Decrease Java heap size (-Xmx/-Xms)
#   Decrease number of Java threads
#   Decrease Java thread stack sizes (-Xss)
#   Set larger code cache with -XX:ReservedCodeCacheSize=
#   JVM is running with Unscaled Compressed Oops mode in which the Java heap is
#     placed in the first 4GB address space. The Java Heap base address is the
#     maximum limit for the native heap growth. Please use -XX:HeapBaseMinAddress
#     to set the Java Heap base and to place the Java Heap above 4GB virtual address.
# This output file may be truncated or incomplete.
#
#  Out of Memory Error (os_windows.cpp:3825), pid=13128, tid=10784
#
# JRE version:  (17.0.10) (build )
# Java VM: OpenJDK 64-Bit Server VM (17.0.10+0--11609105, mixed mode, sharing, tiered, compressed oops, compressed class ptrs, g1 gc, windows-amd64)
# No core dump will be written. Minidumps are not enabled by default on client versions of Windows
#

---------------  S U M M A R Y ------------

Command Line: org.jetbrains.kotlin.cli.jvm.K2JVMCompiler @D:\projects\internship\CognoRise-InfoTech\Task1-Calculator\app\build\20240820_2959300519210812695.compiler.options

Host: Intel(R) Core(TM) i7-4600U CPU @ 2.10GHz, 4 cores, 7G,  Windows 10 , 64 bit Build 19041 (10.0.19041.4717)
Time: Tue Aug 20 16:57:52 2024 Egypt Daylight Time elapsed time: 0.011381 seconds (0d 0h 0m 0s)

---------------  T H R E A D  ---------------

Current thread (0x000001fde26ed9c0):  JavaThread "Unknown thread" [_thread_in_vm, id=10784, stack(0x00000095c7e00000,0x00000095c7f00000)]

Stack: [0x00000095c7e00000,0x00000095c7f00000]
Native frames: (J=compiled Java code, j=interpreted, Vv=VM code, C=native code)
V  [jvm.dll+0x688de9]
V  [jvm.dll+0x8423da]
V  [jvm.dll+0x84401e]
V  [jvm.dll+0x844683]
V  [jvm.dll+0x24be0f]
V  [jvm.dll+0x685bb9]
V  [jvm.dll+0x67a46a]
V  [jvm.dll+0x30cbab]
V  [jvm.dll+0x314056]
V  [jvm.dll+0x363dce]
V  [jvm.dll+0x363fff]
V  [jvm.dll+0x2e2978]
V  [jvm.dll+0x2e38e4]
V  [jvm.dll+0x812f71]
V  [jvm.dll+0x371c81]
V  [jvm.dll+0x7f1ac6]
V  [jvm.dll+0x3f58df]
V  [jvm.dll+0x3f7511]
C  [jli.dll+0x528f]
C  [ucrtbase.dll+0x21bb2]
C  [KERNEL32.DLL+0x17374]
C  [ntdll.dll+0x4cc91]


---------------  P R O C E S S  ---------------

Threads class SMR info:
_java_thread_list=0x00007ff96c21ef58, length=0, elements={
}

Java Threads: ( => current thread )

Other Threads:
  0x000001fde2748630 GCTaskThread "GC Thread#0" [stack: 0x00000095c7f00000,0x00000095c8000000] [id=18700]
  0x000001fde27592c0 ConcurrentGCThread "G1 Main Marker" [stack: 0x00000095c8000000,0x00000095c8100000] [id=14812]
  0x000001fde275a480 ConcurrentGCThread "G1 Conc#0" [stack: 0x00000095c8100000,0x00000095c8200000] [id=3392]

[error occurred during error reporting (printing all threads), id 0xc0000005, EXCEPTION_ACCESS_VIOLATION (0xc0000005) at pc=0x00007ff96b9d3547]

VM state: not at safepoint (not fully initialized)

VM Mutex/Monitor currently owned by a thread:  ([mutex/lock_event])
[0x000001fde26e9390] Heap_lock - owner thread: 0x000001fde26ed9c0

Heap address: 0x0000000081600000, size: 2026 MB, Compressed Oops mode: 32-bit

CDS archive(s) mapped at: [0x0000000000000000-0x0000000000000000-0x0000000000000000), size 0, SharedBaseAddress: 0x0000000800000000, ArchiveRelocationMode: 1.
Narrow klass base: 0x0000000000000000, Narrow klass shift: 0, Narrow klass range: 0x0

GC Precious Log:
<Empty>

Heap:
 garbage-first heap   total 0K, used 0K [0x0000000081600000, 0x0000000100000000)
  region size 1024K, 0 young (0K), 0 survivors (0K)
 Metaspace       used 0K, committed 0K, reserved 0K
  class space    used 0K, committed 0K, reserved 0K

Heap Regions: E=young(eden), S=young(survivor), O=old, HS=humongous(starts), HC=humongous(continues), CS=collection set, F=free, OA=open archive, CA=closed archive, TAMS=top-at-mark-start (previous, next)

Card table byte_map: [0x000001fdf4fd0000,0x000001fdf53d0000] _byte_map_base: 0x000001fdf4bc5000

Marking Bits (Prev, Next): (CMBitMap*) 0x000001fde2748c50, (CMBitMap*) 0x000001fde2748c90
 Prev Bits: [0x000001fdf57d0000, 0x000001fdf7778000)
 Next Bits: [0x000001fdf7780000, 0x000001fdf9728000)

GC Heap History (0 events):
No events

Dll operation events (1 events):
Event: 0.006 Loaded shared library C:\Program Files\Android\Android Studio\jbr\bin\java.dll

Deoptimization events (0 events):
No events

Classes unloaded (0 events):
No events

Classes redefined (0 events):
No events

Internal exceptions (0 events):
No events

VM Operations (0 events):
No events

Events (0 events):
No events


Dynamic libraries:
0x00007ff6295b0000 - 0x00007ff6295ba000 	C:\Program Files\Android\Android Studio\jbr\bin\java.exe
0x00007ff9e3f70000 - 0x00007ff9e4168000 	C:\Windows\SYSTEM32\ntdll.dll
0x00007ff9e3a60000 - 0x00007ff9e3b21000 	C:\Windows\System32\KERNEL32.DLL
0x00007ff9e1b10000 - 0x00007ff9e1e0d000 	C:\Windows\System32\KERNELBASE.dll
0x00007ff9e1ea0000 - 0x00007ff9e1fa0000 	C:\Windows\System32\ucrtbase.dll
0x00007ff9dcae0000 - 0x00007ff9dcafb000 	C:\Program Files\Android\Android Studio\jbr\bin\VCRUNTIME140.dll
0x00007ff9cc540000 - 0x00007ff9cc557000 	C:\Program Files\Android\Android Studio\jbr\bin\jli.dll
0x00007ff9e2710000 - 0x00007ff9e28ad000 	C:\Windows\System32\USER32.dll
0x00007ff9e1ae0000 - 0x00007ff9e1b02000 	C:\Windows\System32\win32u.dll
0x00007ff9e2be0000 - 0x00007ff9e2c0b000 	C:\Windows\System32\GDI32.dll
0x00007ff9d4970000 - 0x00007ff9d4c0a000 	C:\Windows\WinSxS\amd64_microsoft.windows.common-controls_6595b64144ccf1df_6.0.19041.4355_none_60b8b9eb71f62e16\COMCTL32.dll
0x00007ff9e1620000 - 0x00007ff9e1737000 	C:\Windows\System32\gdi32full.dll
0x00007ff9e3e90000 - 0x00007ff9e3f2e000 	C:\Windows\System32\msvcrt.dll
0x00007ff9e18b0000 - 0x00007ff9e194d000 	C:\Windows\System32\msvcp_win.dll
0x00007ff9e3660000 - 0x00007ff9e368f000 	C:\Windows\System32\IMM32.DLL
0x00007ff9dcb60000 - 0x00007ff9dcb6c000 	C:\Program Files\Android\Android Studio\jbr\bin\vcruntime140_1.dll
0x00007ff9beea0000 - 0x00007ff9bef2d000 	C:\Program Files\Android\Android Studio\jbr\bin\msvcp140.dll
0x00007ff96b6e0000 - 0x00007ff96c363000 	C:\Program Files\Android\Android Studio\jbr\bin\server\jvm.dll
0x00007ff9e3930000 - 0x00007ff9e39e0000 	C:\Windows\System32\ADVAPI32.dll
0x00007ff9e2b40000 - 0x00007ff9e2be0000 	C:\Windows\System32\sechost.dll
0x00007ff9e3140000 - 0x00007ff9e3263000 	C:\Windows\System32\RPCRT4.dll
0x00007ff9e1ab0000 - 0x00007ff9e1ad7000 	C:\Windows\System32\bcrypt.dll
0x00007ff9e0ba0000 - 0x00007ff9e0beb000 	C:\Windows\SYSTEM32\POWRPROF.dll
0x00007ff9dda40000 - 0x00007ff9dda49000 	C:\Windows\SYSTEM32\WSOCK32.dll
0x00007ff9d5780000 - 0x00007ff9d57a7000 	C:\Windows\SYSTEM32\WINMM.dll
0x00007ff9e3270000 - 0x00007ff9e32db000 	C:\Windows\System32\WS2_32.dll
0x00007ff9dce00000 - 0x00007ff9dce0a000 	C:\Windows\SYSTEM32\VERSION.dll
0x00007ff9e0a10000 - 0x00007ff9e0a22000 	C:\Windows\SYSTEM32\UMPDC.dll
0x00007ff9df4a0000 - 0x00007ff9df4b2000 	C:\Windows\SYSTEM32\kernel.appcore.dll
0x00007ff9d2770000 - 0x00007ff9d277a000 	C:\Program Files\Android\Android Studio\jbr\bin\jimage.dll
0x00007ff9cef80000 - 0x00007ff9cf164000 	C:\Windows\SYSTEM32\DBGHELP.DLL
0x00007ff9cef40000 - 0x00007ff9cef74000 	C:\Windows\SYSTEM32\dbgcore.DLL
0x00007ff9e1e10000 - 0x00007ff9e1e92000 	C:\Windows\System32\bcryptPrimitives.dll
0x00007ff9d1d00000 - 0x00007ff9d1d25000 	C:\Program Files\Android\Android Studio\jbr\bin\java.dll

dbghelp: loaded successfully - version: 4.0.5 - missing functions: none
symbol engine: initialized successfully - sym options: 0x614 - pdb path: .;C:\Program Files\Android\Android Studio\jbr\bin;C:\Windows\SYSTEM32;C:\Windows\WinSxS\amd64_microsoft.windows.common-controls_6595b64144ccf1df_6.0.19041.4355_none_60b8b9eb71f62e16;C:\Program Files\Android\Android Studio\jbr\bin\server

VM Arguments:
java_command: org.jetbrains.kotlin.cli.jvm.K2JVMCompiler @D:\projects\internship\CognoRise-InfoTech\Task1-Calculator\app\build\20240820_2959300519210812695.compiler.options
java_class_path (initial): C:\Users\mahmoud\.gradle\caches\modules-2\files-2.1\org.jetbrains.kotlin\kotlin-compiler-embeddable\1.9.0\2c8c3a7402becca891f12739b3e9fd2dc2adbd7a\kotlin-compiler-embeddable-1.9.0.jar;C:\Users\mahmoud\.gradle\caches\modules-2\files-2.1\org.jetbrains.kotlin\kotlin-stdlib\1.9.0\8ee15ef0c67dc83d874f412d84378d7f0eb50b63\kotlin-stdlib-1.9.0.jar;C:\Users\mahmoud\.gradle\caches\modules-2\files-2.1\org.jetbrains.kotlin\kotlin-script-runtime\1.9.0\4b3102cbbb7e1b58d9d1adf89563f00069ffa7d1\kotlin-script-runtime-1.9.0.jar;C:\Users\mahmoud\.gradle\caches\modules-2\files-2.1\org.jetbrains.kotlin\kotlin-reflect\1.6.10\1cbe9c92c12a94eea200d23c2bbaedaf3daf5132\kotlin-reflect-1.6.10.jar;C:\Users\mahmoud\.gradle\caches\modules-2\files-2.1\org.jetbrains.kotlin\kotlin-daemon-embeddable\1.9.0\186543f5e28cf8d9a0290fecc2cf34301c40a65c\kotlin-daemon-embeddable-1.9.0.jar;C:\Users\mahmoud\.gradle\caches\modules-2\files-2.1\org.jetbrains.intellij.deps\trove4j\1.0.20200330\3afb14d5f9ceb459d724e907a21145e8ff394f02\trove4j-1.0.20200330.jar;C:\Users\mahmoud\.gradle\caches\modules-2\files-2.1\org.jetbrains.kotlin\kotlin-stdlib-common\1.9.0\cd65c21cfd1eec4d44ef09f9f52b6d9f8a720636\kotlin-stdlib-common-1.9.0.jar;C:\Users\mahmoud\.gradle\caches\modules-2\files-2.1\org.jetbrains\annotations\13.0\919f0dfe192fb4e063e7dacadee7f8bb9a2672a9\annotations-13.0.jar
Launcher Type: SUN_STANDARD

[Global flags]
     intx CICompilerCount                          = 3                                         {product} {ergonomic}
     uint ConcGCThreads                            = 1                                         {product} {ergonomic}
     uint G1ConcRefinementThreads                  = 4                                         {product} {ergonomic}
   size_t G1HeapRegionSize                         = 1048576                                   {product} {ergonomic}
    uintx GCDrainStackTargetSize                   = 64                                        {product} {ergonomic}
   size_t InitialHeapSize                          = 134217728                                 {product} {ergonomic}
   size_t MarkStackSize                            = 4194304                                   {product} {ergonomic}
   size_t MaxHeapSize                              = 2124414976                                {product} {ergonomic}
   size_t MinHeapDeltaBytes                        = 1048576                                   {product} {ergonomic}
   size_t MinHeapSize                              = 8388608                                   {product} {ergonomic}
    uintx NonNMethodCodeHeapSize                   = 5832780                                {pd product} {ergonomic}
    uintx NonProfiledCodeHeapSize                  = 122912730                              {pd product} {ergonomic}
    uintx ProfiledCodeHeapSize                     = 122912730                              {pd product} {ergonomic}
    uintx ReservedCodeCacheSize                    = 251658240                              {pd product} {ergonomic}
     bool SegmentedCodeCache                       = true                                      {product} {ergonomic}
   size_t SoftMaxHeapSize                          = 2124414976                             {manageable} {ergonomic}
     bool UseCompressedClassPointers               = true                           {product lp64_product} {ergonomic}
     bool UseCompressedOops                        = true                           {product lp64_product} {ergonomic}
     bool UseG1GC                                  = true                                      {product} {ergonomic}
     bool UseLargePagesIndividualAllocation        = false                                  {pd product} {ergonomic}

Logging:
Log output configuration:
 #0: stdout all=warning uptime,level,tags
 #1: stderr all=off uptime,level,tags

Environment Variables:
JAVA_HOME=C:\Program Files\Java\jdk-21
PATH=C:\Program Files\Common Files\Oracle\Java\javapath;C:\Windows\system32;C:\Windows;C:\Windows\System32\Wbem;C:\Windows\System32\WindowsPowerShell\v1.0\;C:\Windows\System32\OpenSSH\;C:\Program Files\Java\jdk-21;C:\Program Files\Git\cmd;C:\Users\mahmoud\AppData\Local\Microsoft\WindowsApps;C:\Users\mahmoud\AppData\Local\Programs\Microsoft VS Code\bin;C:\Program Files\JetBrains\IntelliJ IDEA Community Edition 2023.3.2\bin;
USERNAME=mahmoud
OS=Windows_NT
PROCESSOR_IDENTIFIER=Intel64 Family 6 Model 69 Stepping 1, GenuineIntel
TMP=C:\Users\mahmoud\AppData\Local\Temp
TEMP=C:\Users\mahmoud\AppData\Local\Temp



Periodic native trim disabled

JNI global refs:
JNI global refs: 0, weak refs: 0

JNI global refs memory usage: 0, weak refs: 0

OOME stack traces (most recent first):
Classloader memory used:


---------------  S Y S T E M  ---------------

OS:
 Windows 10 , 64 bit Build 19041 (10.0.19041.4717)
OS uptime: 1 days 20:15 hours

CPU: total 4 (initial active 4) (2 cores per cpu, 2 threads per core) family 6 model 69 stepping 1 microcode 0x25, cx8, cmov, fxsr, ht, mmx, sse, sse2, sse3, ssse3, sse4.1, sse4.2, popcnt, lzcnt, tsc, tscinvbit, avx, avx2, aes, erms, clmul, bmi1, bmi2, fma, vzeroupper, clflush
Processor Information for all 4 processors :
  Max Mhz: 2701, Current Mhz: 2701, Mhz Limit: 2701

Memory: 4k page, system-wide physical 8097M (1106M free)
TotalPageFile size 12857M (AvailPageFile size 64M)
current process WorkingSet (physical memory assigned to process): 10M, peak: 10M
current process commit charge ("private bytes"): 51M, peak: 179M

vm_info: OpenJDK 64-Bit Server VM (17.0.10+0--11609105) for windows-amd64 JRE (17.0.10+0--11609105), built on Mar 21 2024 19:10:56 by "androidbuild" with MS VC++ 16.10 / 16.11 (VS2019)

END.
